[1.198s] Invoking command in '/home/user/turtlebot3_ws/src/build/turtlebot3_teleop': PYTHONPATH=/home/user/turtlebot3_ws/src/build/turtlebot3_teleop/prefix_override:/usr/lib/python3/dist-packages/colcon_core/task/python/colcon_distutils_commands:/home/user/turtlebot3_ws/src/install/turtlebot3_teleop/lib/python3.10/site-packages:${PYTHONPATH} /usr/bin/python3 -W ignore:setup.py install is deprecated setup.py develop --editable --build-directory /home/user/turtlebot3_ws/src/build/turtlebot3_teleop/build --no-deps symlink_data
[1.527s] running develop
[1.528s] /usr/lib/python3/dist-packages/setuptools/command/easy_install.py:158: EasyInstallDeprecationWarning: easy_install command is deprecated. Use build and pip and other standards-based tools.
[1.528s]   warnings.warn(
[1.913s] running egg_info
[1.913s] creating turtlebot3_teleop.egg-info
[1.914s] writing turtlebot3_teleop.egg-info/PKG-INFO
[1.914s] writing dependency_links to turtlebot3_teleop.egg-info/dependency_links.txt
[1.915s] writing entry points to turtlebot3_teleop.egg-info/entry_points.txt
[1.915s] writing requirements to turtlebot3_teleop.egg-info/requires.txt
[1.915s] writing top-level names to turtlebot3_teleop.egg-info/top_level.txt
[1.916s] writing manifest file 'turtlebot3_teleop.egg-info/SOURCES.txt'
[1.918s] reading manifest file 'turtlebot3_teleop.egg-info/SOURCES.txt'
[1.919s] writing manifest file 'turtlebot3_teleop.egg-info/SOURCES.txt'
[1.922s] running build_ext
[1.923s] Creating /home/user/turtlebot3_ws/src/install/turtlebot3_teleop/lib/python3.10/site-packages/turtlebot3-teleop.egg-link (link to .)
[1.925s] Installing teleop_keyboard script to /home/user/turtlebot3_ws/src/install/turtlebot3_teleop/lib/turtlebot3_teleop
[1.925s] 
[1.925s] Installed /home/user/turtlebot3_ws/src/build/turtlebot3_teleop
[1.925s] running symlink_data
[1.926s] creating /home/user/turtlebot3_ws/src/install/turtlebot3_teleop/share/ament_index
[1.926s] creating /home/user/turtlebot3_ws/src/install/turtlebot3_teleop/share/ament_index/resource_index
[1.926s] creating /home/user/turtlebot3_ws/src/install/turtlebot3_teleop/share/ament_index/resource_index/packages
[1.926s] symbolically linking /home/user/turtlebot3_ws/src/build/turtlebot3_teleop/resource/turtlebot3_teleop -> /home/user/turtlebot3_ws/src/install/turtlebot3_teleop/share/ament_index/resource_index/packages
[1.926s] symbolically linking /home/user/turtlebot3_ws/src/build/turtlebot3_teleop/package.xml -> /home/user/turtlebot3_ws/src/install/turtlebot3_teleop/share/turtlebot3_teleop
[1.981s] Invoked command in '/home/user/turtlebot3_ws/src/build/turtlebot3_teleop' returned '0': PYTHONPATH=/home/user/turtlebot3_ws/src/build/turtlebot3_teleop/prefix_override:/usr/lib/python3/dist-packages/colcon_core/task/python/colcon_distutils_commands:/home/user/turtlebot3_ws/src/install/turtlebot3_teleop/lib/python3.10/site-packages:${PYTHONPATH} /usr/bin/python3 -W ignore:setup.py install is deprecated setup.py develop --editable --build-directory /home/user/turtlebot3_ws/src/build/turtlebot3_teleop/build --no-deps symlink_data
