[0.011s] Invoking command in '/home/user/turtlebot3_ws/build/dynamixel_sdk_examples': AMENT_PREFIX_PATH=/home/user/turtlebot3_ws/install/dynamixel_sdk_custom_interfaces:/home/user/turtlebot3_ws/install/dynamixel_sdk:${AMENT_PREFIX_PATH} CMAKE_PREFIX_PATH=/home/user/turtlebot3_ws/install/dynamixel_sdk_custom_interfaces:/home/user/turtlebot3_ws/install/dynamixel_sdk:/home/user/turtlebot3_ws/install/turtlebot3_simulations:/home/user/turtlebot3_ws/install/turtlebot3_gazebo:/home/user/turtlebot3_ws/install/turtlebot3_fake_node:/home/user/ros2_ws/install/turtlesim:/opt/ros/humble LD_LIBRARY_PATH=/home/user/turtlebot3_ws/install/dynamixel_sdk_custom_interfaces/lib:/home/user/turtlebot3_ws/install/dynamixel_sdk/lib:/home/user/ros2_ws/install/turtlesim/lib:/usr/lib/x86_64-linux-gnu/gazebo-11/plugins:/opt/ros/humble/opt/rviz_ogre_vendor/lib:/opt/ros/humble/lib/x86_64-linux-gnu:/opt/ros/humble/lib:/usr/lib/x86_64-linux-gnu/gazebo-11/plugins PYTHONPATH=/home/user/turtlebot3_ws/install/dynamixel_sdk_custom_interfaces/local/lib/python3.10/dist-packages:${PYTHONPATH} /usr/bin/cmake /home/user/turtlebot3_ws/src/DynamixelSDK/dynamixel_sdk_examples -DAMENT_CMAKE_SYMLINK_INSTALL=1 -DCMAKE_INSTALL_PREFIX=/home/user/turtlebot3_ws/install/dynamixel_sdk_examples
[0.059s] -- The C compiler identification is GNU 11.4.0
[0.100s] -- The CXX compiler identification is GNU 11.4.0
[0.105s] -- Detecting C compiler ABI info
[0.175s] -- Detecting C compiler ABI info - done
[0.180s] -- Check for working C compiler: /usr/bin/cc - skipped
[0.180s] -- Detecting C compile features
[0.180s] -- Detecting C compile features - done
[0.182s] -- Detecting CXX compiler ABI info
[0.248s] -- Detecting CXX compiler ABI info - done
[0.258s] -- Check for working CXX compiler: /usr/bin/c++ - skipped
[0.258s] -- Detecting CXX compile features
[0.259s] -- Detecting CXX compile features - done
[0.261s] -- Found ament_cmake: 1.3.10 (/opt/ros/humble/share/ament_cmake/cmake)
[0.417s] -- Found Python3: /usr/bin/python3 (found version "3.10.12") found components: Interpreter 
[0.499s] -- Override CMake install command with custom implementation using symlinks instead of copying resources
[0.526s] -- Found dynamixel_sdk: 3.7.60 (/home/user/turtlebot3_ws/install/dynamixel_sdk/share/dynamixel_sdk/cmake)
[0.527s] -- Found dynamixel_sdk_custom_interfaces: 3.7.60 (/home/user/turtlebot3_ws/install/dynamixel_sdk_custom_interfaces/share/dynamixel_sdk_custom_interfaces/cmake)
[0.564s] -- Found rosidl_generator_c: 3.1.5 (/opt/ros/humble/share/rosidl_generator_c/cmake)
[0.569s] -- Found rosidl_adapter: 3.1.5 (/opt/ros/humble/share/rosidl_adapter/cmake)
[0.578s] -- Found rosidl_generator_cpp: 3.1.5 (/opt/ros/humble/share/rosidl_generator_cpp/cmake)
[0.590s] -- Using all available rosidl_typesupport_c: rosidl_typesupport_fastrtps_c;rosidl_typesupport_introspection_c
[0.608s] -- Using all available rosidl_typesupport_cpp: rosidl_typesupport_fastrtps_cpp;rosidl_typesupport_introspection_cpp
[0.637s] -- Found rclcpp: 16.0.10 (/opt/ros/humble/share/rclcpp/cmake)
[0.715s] -- Found rmw_implementation_cmake: 6.1.2 (/opt/ros/humble/share/rmw_implementation_cmake/cmake)
[0.719s] -- Found rmw_fastrtps_cpp: 6.2.7 (/opt/ros/humble/share/rmw_fastrtps_cpp/cmake)
[0.831s] -- Found OpenSSL: /usr/lib/x86_64-linux-gnu/libcrypto.so (found version "3.0.2")  
[0.865s] -- Found FastRTPS: /opt/ros/humble/include  
[0.911s] -- Using RMW implementation 'rmw_fastrtps_cpp' as default
[0.924s] -- Looking for pthread.h
[1.021s] -- Looking for pthread.h - found
[1.021s] -- Performing Test CMAKE_HAVE_LIBC_PTHREAD
[1.114s] -- Performing Test CMAKE_HAVE_LIBC_PTHREAD - Success
[1.116s] -- Found Threads: TRUE  
[1.188s] -- Found ament_lint_auto: 0.12.11 (/opt/ros/humble/share/ament_lint_auto/cmake)
[1.299s] -- Added test 'copyright' to check source files copyright and LICENSE
[1.300s] -- Added test 'cppcheck' to perform static code analysis on C / C++ code
[1.301s] -- Configured cppcheck include dirs: /home/user/turtlebot3_ws/src/DynamixelSDK/dynamixel_sdk_examples/include
[1.301s] -- Configured cppcheck exclude dirs and/or files: 
[1.301s] -- Added test 'cpplint' to check C / C++ code against the Google style
[1.301s] -- Configured cpplint exclude dirs and/or files: 
[1.302s] -- Added test 'lint_cmake' to check CMake code style
[1.303s] -- Added test 'uncrustify' to check C / C++ code style
[1.303s] -- Configured uncrustify additional arguments: 
[1.303s] -- Added test 'xmllint' to check XML markup files
[1.304s] -- Configuring done
[1.312s] -- Generating done
[1.314s] -- Build files have been written to: /home/user/turtlebot3_ws/build/dynamixel_sdk_examples
[1.323s] Invoked command in '/home/user/turtlebot3_ws/build/dynamixel_sdk_examples' returned '0': AMENT_PREFIX_PATH=/home/user/turtlebot3_ws/install/dynamixel_sdk_custom_interfaces:/home/user/turtlebot3_ws/install/dynamixel_sdk:${AMENT_PREFIX_PATH} CMAKE_PREFIX_PATH=/home/user/turtlebot3_ws/install/dynamixel_sdk_custom_interfaces:/home/user/turtlebot3_ws/install/dynamixel_sdk:/home/user/turtlebot3_ws/install/turtlebot3_simulations:/home/user/turtlebot3_ws/install/turtlebot3_gazebo:/home/user/turtlebot3_ws/install/turtlebot3_fake_node:/home/user/ros2_ws/install/turtlesim:/opt/ros/humble LD_LIBRARY_PATH=/home/user/turtlebot3_ws/install/dynamixel_sdk_custom_interfaces/lib:/home/user/turtlebot3_ws/install/dynamixel_sdk/lib:/home/user/ros2_ws/install/turtlesim/lib:/usr/lib/x86_64-linux-gnu/gazebo-11/plugins:/opt/ros/humble/opt/rviz_ogre_vendor/lib:/opt/ros/humble/lib/x86_64-linux-gnu:/opt/ros/humble/lib:/usr/lib/x86_64-linux-gnu/gazebo-11/plugins PYTHONPATH=/home/user/turtlebot3_ws/install/dynamixel_sdk_custom_interfaces/local/lib/python3.10/dist-packages:${PYTHONPATH} /usr/bin/cmake /home/user/turtlebot3_ws/src/DynamixelSDK/dynamixel_sdk_examples -DAMENT_CMAKE_SYMLINK_INSTALL=1 -DCMAKE_INSTALL_PREFIX=/home/user/turtlebot3_ws/install/dynamixel_sdk_examples
[1.326s] Invoking command in '/home/user/turtlebot3_ws/build/dynamixel_sdk_examples': AMENT_PREFIX_PATH=/home/user/turtlebot3_ws/install/dynamixel_sdk_custom_interfaces:/home/user/turtlebot3_ws/install/dynamixel_sdk:${AMENT_PREFIX_PATH} CMAKE_PREFIX_PATH=/home/user/turtlebot3_ws/install/dynamixel_sdk_custom_interfaces:/home/user/turtlebot3_ws/install/dynamixel_sdk:/home/user/turtlebot3_ws/install/turtlebot3_simulations:/home/user/turtlebot3_ws/install/turtlebot3_gazebo:/home/user/turtlebot3_ws/install/turtlebot3_fake_node:/home/user/ros2_ws/install/turtlesim:/opt/ros/humble LD_LIBRARY_PATH=/home/user/turtlebot3_ws/install/dynamixel_sdk_custom_interfaces/lib:/home/user/turtlebot3_ws/install/dynamixel_sdk/lib:/home/user/ros2_ws/install/turtlesim/lib:/usr/lib/x86_64-linux-gnu/gazebo-11/plugins:/opt/ros/humble/opt/rviz_ogre_vendor/lib:/opt/ros/humble/lib/x86_64-linux-gnu:/opt/ros/humble/lib:/usr/lib/x86_64-linux-gnu/gazebo-11/plugins PYTHONPATH=/home/user/turtlebot3_ws/install/dynamixel_sdk_custom_interfaces/local/lib/python3.10/dist-packages:${PYTHONPATH} /usr/bin/cmake --build /home/user/turtlebot3_ws/build/dynamixel_sdk_examples -- -j16 -l16
[1.404s] [ 50%] [32mBuilding CXX object CMakeFiles/read_write_node.dir/src/read_write_node.cpp.o[0m
[12.250s] [100%] [32m[1mLinking CXX executable read_write_node[0m
[12.588s] [100%] Built target read_write_node
[12.603s] Invoked command in '/home/user/turtlebot3_ws/build/dynamixel_sdk_examples' returned '0': AMENT_PREFIX_PATH=/home/user/turtlebot3_ws/install/dynamixel_sdk_custom_interfaces:/home/user/turtlebot3_ws/install/dynamixel_sdk:${AMENT_PREFIX_PATH} CMAKE_PREFIX_PATH=/home/user/turtlebot3_ws/install/dynamixel_sdk_custom_interfaces:/home/user/turtlebot3_ws/install/dynamixel_sdk:/home/user/turtlebot3_ws/install/turtlebot3_simulations:/home/user/turtlebot3_ws/install/turtlebot3_gazebo:/home/user/turtlebot3_ws/install/turtlebot3_fake_node:/home/user/ros2_ws/install/turtlesim:/opt/ros/humble LD_LIBRARY_PATH=/home/user/turtlebot3_ws/install/dynamixel_sdk_custom_interfaces/lib:/home/user/turtlebot3_ws/install/dynamixel_sdk/lib:/home/user/ros2_ws/install/turtlesim/lib:/usr/lib/x86_64-linux-gnu/gazebo-11/plugins:/opt/ros/humble/opt/rviz_ogre_vendor/lib:/opt/ros/humble/lib/x86_64-linux-gnu:/opt/ros/humble/lib:/usr/lib/x86_64-linux-gnu/gazebo-11/plugins PYTHONPATH=/home/user/turtlebot3_ws/install/dynamixel_sdk_custom_interfaces/local/lib/python3.10/dist-packages:${PYTHONPATH} /usr/bin/cmake --build /home/user/turtlebot3_ws/build/dynamixel_sdk_examples -- -j16 -l16
[12.634s] Invoking command in '/home/user/turtlebot3_ws/build/dynamixel_sdk_examples': AMENT_PREFIX_PATH=/home/user/turtlebot3_ws/install/dynamixel_sdk_custom_interfaces:/home/user/turtlebot3_ws/install/dynamixel_sdk:${AMENT_PREFIX_PATH} CMAKE_PREFIX_PATH=/home/user/turtlebot3_ws/install/dynamixel_sdk_custom_interfaces:/home/user/turtlebot3_ws/install/dynamixel_sdk:/home/user/turtlebot3_ws/install/turtlebot3_simulations:/home/user/turtlebot3_ws/install/turtlebot3_gazebo:/home/user/turtlebot3_ws/install/turtlebot3_fake_node:/home/user/ros2_ws/install/turtlesim:/opt/ros/humble LD_LIBRARY_PATH=/home/user/turtlebot3_ws/install/dynamixel_sdk_custom_interfaces/lib:/home/user/turtlebot3_ws/install/dynamixel_sdk/lib:/home/user/ros2_ws/install/turtlesim/lib:/usr/lib/x86_64-linux-gnu/gazebo-11/plugins:/opt/ros/humble/opt/rviz_ogre_vendor/lib:/opt/ros/humble/lib/x86_64-linux-gnu:/opt/ros/humble/lib:/usr/lib/x86_64-linux-gnu/gazebo-11/plugins PYTHONPATH=/home/user/turtlebot3_ws/install/dynamixel_sdk_custom_interfaces/local/lib/python3.10/dist-packages:${PYTHONPATH} /usr/bin/cmake --install /home/user/turtlebot3_ws/build/dynamixel_sdk_examples
[12.643s] -- Install configuration: ""
[12.643s] -- Execute custom install script
[12.643s] -- Symlinking: /home/user/turtlebot3_ws/install/dynamixel_sdk_examples/lib/dynamixel_sdk_examples/read_write_node
[12.651s] -- Symlinking: /home/user/turtlebot3_ws/install/dynamixel_sdk_examples/share/ament_index/resource_index/package_run_dependencies/dynamixel_sdk_examples
[12.660s] -- Symlinking: /home/user/turtlebot3_ws/install/dynamixel_sdk_examples/share/ament_index/resource_index/parent_prefix_path/dynamixel_sdk_examples
[12.668s] -- Symlinking: /home/user/turtlebot3_ws/install/dynamixel_sdk_examples/share/dynamixel_sdk_examples/environment/ament_prefix_path.sh
[12.678s] -- Symlinking: /home/user/turtlebot3_ws/install/dynamixel_sdk_examples/share/dynamixel_sdk_examples/environment/ament_prefix_path.dsv
[12.685s] -- Symlinking: /home/user/turtlebot3_ws/install/dynamixel_sdk_examples/share/dynamixel_sdk_examples/environment/path.sh
[12.694s] -- Symlinking: /home/user/turtlebot3_ws/install/dynamixel_sdk_examples/share/dynamixel_sdk_examples/environment/path.dsv
[12.704s] -- Symlinking: /home/user/turtlebot3_ws/install/dynamixel_sdk_examples/share/dynamixel_sdk_examples/local_setup.bash
[12.714s] -- Symlinking: /home/user/turtlebot3_ws/install/dynamixel_sdk_examples/share/dynamixel_sdk_examples/local_setup.sh
[12.721s] -- Symlinking: /home/user/turtlebot3_ws/install/dynamixel_sdk_examples/share/dynamixel_sdk_examples/local_setup.zsh
[12.731s] -- Symlinking: /home/user/turtlebot3_ws/install/dynamixel_sdk_examples/share/dynamixel_sdk_examples/local_setup.dsv
[12.742s] -- Symlinking: /home/user/turtlebot3_ws/install/dynamixel_sdk_examples/share/dynamixel_sdk_examples/package.dsv
[12.753s] -- Symlinking: /home/user/turtlebot3_ws/install/dynamixel_sdk_examples/share/ament_index/resource_index/packages/dynamixel_sdk_examples
[12.763s] -- Symlinking: /home/user/turtlebot3_ws/install/dynamixel_sdk_examples/share/dynamixel_sdk_examples/cmake/dynamixel_sdk_examplesConfig.cmake
[12.772s] -- Symlinking: /home/user/turtlebot3_ws/install/dynamixel_sdk_examples/share/dynamixel_sdk_examples/cmake/dynamixel_sdk_examplesConfig-version.cmake
[12.780s] -- Symlinking: /home/user/turtlebot3_ws/install/dynamixel_sdk_examples/share/dynamixel_sdk_examples/package.xml
[12.791s] Invoked command in '/home/user/turtlebot3_ws/build/dynamixel_sdk_examples' returned '0': AMENT_PREFIX_PATH=/home/user/turtlebot3_ws/install/dynamixel_sdk_custom_interfaces:/home/user/turtlebot3_ws/install/dynamixel_sdk:${AMENT_PREFIX_PATH} CMAKE_PREFIX_PATH=/home/user/turtlebot3_ws/install/dynamixel_sdk_custom_interfaces:/home/user/turtlebot3_ws/install/dynamixel_sdk:/home/user/turtlebot3_ws/install/turtlebot3_simulations:/home/user/turtlebot3_ws/install/turtlebot3_gazebo:/home/user/turtlebot3_ws/install/turtlebot3_fake_node:/home/user/ros2_ws/install/turtlesim:/opt/ros/humble LD_LIBRARY_PATH=/home/user/turtlebot3_ws/install/dynamixel_sdk_custom_interfaces/lib:/home/user/turtlebot3_ws/install/dynamixel_sdk/lib:/home/user/ros2_ws/install/turtlesim/lib:/usr/lib/x86_64-linux-gnu/gazebo-11/plugins:/opt/ros/humble/opt/rviz_ogre_vendor/lib:/opt/ros/humble/lib/x86_64-linux-gnu:/opt/ros/humble/lib:/usr/lib/x86_64-linux-gnu/gazebo-11/plugins PYTHONPATH=/home/user/turtlebot3_ws/install/dynamixel_sdk_custom_interfaces/local/lib/python3.10/dist-packages:${PYTHONPATH} /usr/bin/cmake --install /home/user/turtlebot3_ws/build/dynamixel_sdk_examples
