[0.032s] Invoking command in '/home/user/turtlebot3_ws/build/turtlebot3_node': CMAKE_PREFIX_PATH=/home/user/turtlebot3_ws/install/turtlebot3_msgs:/home/user/turtlebot3_ws/install/dynamixel_sdk:/home/user/turtlebot3_ws/install/turtlebot3:/home/user/turtlebot3_ws/install/turtlebot3_simulations:/home/user/turtlebot3_ws/install/turtlebot3_bringup:/home/user/turtlebot3_ws/install/turtlebot3_node:/home/user/turtlebot3_ws/install/turtlebot3_navigation2:/home/user/turtlebot3_ws/install/turtlebot3_fake_node:/home/user/turtlebot3_ws/install/turtlebot3_gazebo:/home/user/turtlebot3_ws/install/turtlebot3_description:/home/user/turtlebot3_ws/install/turtlebot3_cartographer:/home/user/turtlebot3_ws/install/dynamixel_sdk_examples:/home/user/turtlebot3_ws/install/dynamixel_sdk_custom_interfaces:/home/user/ros2_ws/install/turtlesim:/home/user/turtlebot3_ws/install/follow_me:/home/user/turtlebot3_ws/install/turtlebot3_teleop:/home/user/turtlebot3_ws/install/turtlebot3_example:/opt/ros/humble LD_LIBRARY_PATH=/home/user/turtlebot3_ws/install/turtlebot3_msgs/lib:/home/user/turtlebot3_ws/install/dynamixel_sdk/lib:/home/user/turtlebot3_ws/install/dynamixel_sdk_custom_interfaces/lib:/home/user/ros2_ws/install/turtlesim/lib:/usr/lib/x86_64-linux-gnu/gazebo-11/plugins:/opt/ros/humble/opt/rviz_ogre_vendor/lib:/opt/ros/humble/lib/x86_64-linux-gnu:/opt/ros/humble/lib:/usr/lib/x86_64-linux-gnu/gazebo-11/plugins:/usr/lib/x86_64-linux-gnu/gazebo-11/plugins:/usr/lib/x86_64-linux-gnu/gazebo-11/plugins /usr/bin/cmake /home/user/turtlebot3_ws/src/turtlebot3/turtlebot3_node -DAMENT_CMAKE_SYMLINK_INSTALL=1 -DCMAKE_INSTALL_PREFIX=/home/user/turtlebot3_ws/install/turtlebot3_node
[0.321s] -- Found ament_cmake: 1.3.10 (/opt/ros/humble/share/ament_cmake/cmake)
[0.321s] -- Override CMake install command with custom implementation using symlinks instead of copying resources
[0.321s] -- Found dynamixel_sdk: 3.7.60 (/home/user/turtlebot3_ws/install/dynamixel_sdk/share/dynamixel_sdk/cmake)
[0.321s] -- Found geometry_msgs: 4.2.4 (/opt/ros/humble/share/geometry_msgs/cmake)
[0.321s] -- Found rosidl_generator_c: 3.1.5 (/opt/ros/humble/share/rosidl_generator_c/cmake)
[0.321s] -- Found rosidl_adapter: 3.1.5 (/opt/ros/humble/share/rosidl_adapter/cmake)
[0.321s] -- Found rosidl_generator_cpp: 3.1.5 (/opt/ros/humble/share/rosidl_generator_cpp/cmake)
[0.321s] -- Using all available rosidl_typesupport_c: rosidl_typesupport_fastrtps_c;rosidl_typesupport_introspection_c
[0.322s] -- Using all available rosidl_typesupport_cpp: rosidl_typesupport_fastrtps_cpp;rosidl_typesupport_introspection_cpp
[0.322s] -- Found message_filters: 4.3.5 (/opt/ros/humble/share/message_filters/cmake)
[0.328s] -- Found rmw_implementation_cmake: 6.1.2 (/opt/ros/humble/share/rmw_implementation_cmake/cmake)
[0.330s] -- Found rmw_fastrtps_cpp: 6.2.7 (/opt/ros/humble/share/rmw_fastrtps_cpp/cmake)
[0.470s] -- Using RMW implementation 'rmw_fastrtps_cpp' as default
[0.512s] -- Found nav_msgs: 4.2.4 (/opt/ros/humble/share/nav_msgs/cmake)
[0.535s] -- Found sensor_msgs: 4.2.4 (/opt/ros/humble/share/sensor_msgs/cmake)
[0.554s] -- Found std_srvs: 4.2.4 (/opt/ros/humble/share/std_srvs/cmake)
[0.566s] -- Found tf2: 0.25.8 (/opt/ros/humble/share/tf2/cmake)
[0.570s] -- Found tf2_ros: 0.25.8 (/opt/ros/humble/share/tf2_ros/cmake)
[0.659s] -- Found turtlebot3_msgs: 2.2.3 (/home/user/turtlebot3_ws/install/turtlebot3_msgs/share/turtlebot3_msgs/cmake)
[0.774s] -- Configuring done
[0.793s] -- Generating done
[0.794s] -- Build files have been written to: /home/user/turtlebot3_ws/build/turtlebot3_node
[0.807s] Invoked command in '/home/user/turtlebot3_ws/build/turtlebot3_node' returned '0': CMAKE_PREFIX_PATH=/home/user/turtlebot3_ws/install/turtlebot3_msgs:/home/user/turtlebot3_ws/install/dynamixel_sdk:/home/user/turtlebot3_ws/install/turtlebot3:/home/user/turtlebot3_ws/install/turtlebot3_simulations:/home/user/turtlebot3_ws/install/turtlebot3_bringup:/home/user/turtlebot3_ws/install/turtlebot3_node:/home/user/turtlebot3_ws/install/turtlebot3_navigation2:/home/user/turtlebot3_ws/install/turtlebot3_fake_node:/home/user/turtlebot3_ws/install/turtlebot3_gazebo:/home/user/turtlebot3_ws/install/turtlebot3_description:/home/user/turtlebot3_ws/install/turtlebot3_cartographer:/home/user/turtlebot3_ws/install/dynamixel_sdk_examples:/home/user/turtlebot3_ws/install/dynamixel_sdk_custom_interfaces:/home/user/ros2_ws/install/turtlesim:/home/user/turtlebot3_ws/install/follow_me:/home/user/turtlebot3_ws/install/turtlebot3_teleop:/home/user/turtlebot3_ws/install/turtlebot3_example:/opt/ros/humble LD_LIBRARY_PATH=/home/user/turtlebot3_ws/install/turtlebot3_msgs/lib:/home/user/turtlebot3_ws/install/dynamixel_sdk/lib:/home/user/turtlebot3_ws/install/dynamixel_sdk_custom_interfaces/lib:/home/user/ros2_ws/install/turtlesim/lib:/usr/lib/x86_64-linux-gnu/gazebo-11/plugins:/opt/ros/humble/opt/rviz_ogre_vendor/lib:/opt/ros/humble/lib/x86_64-linux-gnu:/opt/ros/humble/lib:/usr/lib/x86_64-linux-gnu/gazebo-11/plugins:/usr/lib/x86_64-linux-gnu/gazebo-11/plugins:/usr/lib/x86_64-linux-gnu/gazebo-11/plugins /usr/bin/cmake /home/user/turtlebot3_ws/src/turtlebot3/turtlebot3_node -DAMENT_CMAKE_SYMLINK_INSTALL=1 -DCMAKE_INSTALL_PREFIX=/home/user/turtlebot3_ws/install/turtlebot3_node
[0.808s] Invoking command in '/home/user/turtlebot3_ws/build/turtlebot3_node': CMAKE_PREFIX_PATH=/home/user/turtlebot3_ws/install/turtlebot3_msgs:/home/user/turtlebot3_ws/install/dynamixel_sdk:/home/user/turtlebot3_ws/install/turtlebot3:/home/user/turtlebot3_ws/install/turtlebot3_simulations:/home/user/turtlebot3_ws/install/turtlebot3_bringup:/home/user/turtlebot3_ws/install/turtlebot3_node:/home/user/turtlebot3_ws/install/turtlebot3_navigation2:/home/user/turtlebot3_ws/install/turtlebot3_fake_node:/home/user/turtlebot3_ws/install/turtlebot3_gazebo:/home/user/turtlebot3_ws/install/turtlebot3_description:/home/user/turtlebot3_ws/install/turtlebot3_cartographer:/home/user/turtlebot3_ws/install/dynamixel_sdk_examples:/home/user/turtlebot3_ws/install/dynamixel_sdk_custom_interfaces:/home/user/ros2_ws/install/turtlesim:/home/user/turtlebot3_ws/install/follow_me:/home/user/turtlebot3_ws/install/turtlebot3_teleop:/home/user/turtlebot3_ws/install/turtlebot3_example:/opt/ros/humble LD_LIBRARY_PATH=/home/user/turtlebot3_ws/install/turtlebot3_msgs/lib:/home/user/turtlebot3_ws/install/dynamixel_sdk/lib:/home/user/turtlebot3_ws/install/dynamixel_sdk_custom_interfaces/lib:/home/user/ros2_ws/install/turtlesim/lib:/usr/lib/x86_64-linux-gnu/gazebo-11/plugins:/opt/ros/humble/opt/rviz_ogre_vendor/lib:/opt/ros/humble/lib/x86_64-linux-gnu:/opt/ros/humble/lib:/usr/lib/x86_64-linux-gnu/gazebo-11/plugins:/usr/lib/x86_64-linux-gnu/gazebo-11/plugins:/usr/lib/x86_64-linux-gnu/gazebo-11/plugins /usr/bin/cmake --build /home/user/turtlebot3_ws/build/turtlebot3_node -- -j16 -l16
[0.867s] [35m[1mConsolidate compiler generated dependencies of target turtlebot3_node_lib[0m
[0.902s] [ 85%] Built target turtlebot3_node_lib
[0.917s] [35m[1mConsolidate compiler generated dependencies of target turtlebot3_ros[0m
[0.939s] [100%] Built target turtlebot3_ros
[0.960s] Invoked command in '/home/user/turtlebot3_ws/build/turtlebot3_node' returned '0': CMAKE_PREFIX_PATH=/home/user/turtlebot3_ws/install/turtlebot3_msgs:/home/user/turtlebot3_ws/install/dynamixel_sdk:/home/user/turtlebot3_ws/install/turtlebot3:/home/user/turtlebot3_ws/install/turtlebot3_simulations:/home/user/turtlebot3_ws/install/turtlebot3_bringup:/home/user/turtlebot3_ws/install/turtlebot3_node:/home/user/turtlebot3_ws/install/turtlebot3_navigation2:/home/user/turtlebot3_ws/install/turtlebot3_fake_node:/home/user/turtlebot3_ws/install/turtlebot3_gazebo:/home/user/turtlebot3_ws/install/turtlebot3_description:/home/user/turtlebot3_ws/install/turtlebot3_cartographer:/home/user/turtlebot3_ws/install/dynamixel_sdk_examples:/home/user/turtlebot3_ws/install/dynamixel_sdk_custom_interfaces:/home/user/ros2_ws/install/turtlesim:/home/user/turtlebot3_ws/install/follow_me:/home/user/turtlebot3_ws/install/turtlebot3_teleop:/home/user/turtlebot3_ws/install/turtlebot3_example:/opt/ros/humble LD_LIBRARY_PATH=/home/user/turtlebot3_ws/install/turtlebot3_msgs/lib:/home/user/turtlebot3_ws/install/dynamixel_sdk/lib:/home/user/turtlebot3_ws/install/dynamixel_sdk_custom_interfaces/lib:/home/user/ros2_ws/install/turtlesim/lib:/usr/lib/x86_64-linux-gnu/gazebo-11/plugins:/opt/ros/humble/opt/rviz_ogre_vendor/lib:/opt/ros/humble/lib/x86_64-linux-gnu:/opt/ros/humble/lib:/usr/lib/x86_64-linux-gnu/gazebo-11/plugins:/usr/lib/x86_64-linux-gnu/gazebo-11/plugins:/usr/lib/x86_64-linux-gnu/gazebo-11/plugins /usr/bin/cmake --build /home/user/turtlebot3_ws/build/turtlebot3_node -- -j16 -l16
[1.045s] Invoking command in '/home/user/turtlebot3_ws/build/turtlebot3_node': CMAKE_PREFIX_PATH=/home/user/turtlebot3_ws/install/turtlebot3_msgs:/home/user/turtlebot3_ws/install/dynamixel_sdk:/home/user/turtlebot3_ws/install/turtlebot3:/home/user/turtlebot3_ws/install/turtlebot3_simulations:/home/user/turtlebot3_ws/install/turtlebot3_bringup:/home/user/turtlebot3_ws/install/turtlebot3_node:/home/user/turtlebot3_ws/install/turtlebot3_navigation2:/home/user/turtlebot3_ws/install/turtlebot3_fake_node:/home/user/turtlebot3_ws/install/turtlebot3_gazebo:/home/user/turtlebot3_ws/install/turtlebot3_description:/home/user/turtlebot3_ws/install/turtlebot3_cartographer:/home/user/turtlebot3_ws/install/dynamixel_sdk_examples:/home/user/turtlebot3_ws/install/dynamixel_sdk_custom_interfaces:/home/user/ros2_ws/install/turtlesim:/home/user/turtlebot3_ws/install/follow_me:/home/user/turtlebot3_ws/install/turtlebot3_teleop:/home/user/turtlebot3_ws/install/turtlebot3_example:/opt/ros/humble LD_LIBRARY_PATH=/home/user/turtlebot3_ws/install/turtlebot3_msgs/lib:/home/user/turtlebot3_ws/install/dynamixel_sdk/lib:/home/user/turtlebot3_ws/install/dynamixel_sdk_custom_interfaces/lib:/home/user/ros2_ws/install/turtlesim/lib:/usr/lib/x86_64-linux-gnu/gazebo-11/plugins:/opt/ros/humble/opt/rviz_ogre_vendor/lib:/opt/ros/humble/lib/x86_64-linux-gnu:/opt/ros/humble/lib:/usr/lib/x86_64-linux-gnu/gazebo-11/plugins:/usr/lib/x86_64-linux-gnu/gazebo-11/plugins:/usr/lib/x86_64-linux-gnu/gazebo-11/plugins /usr/bin/cmake --install /home/user/turtlebot3_ws/build/turtlebot3_node
[1.053s] -- Install configuration: ""
[1.054s] -- Execute custom install script
[1.054s] -- Up-to-date symlink: /home/user/turtlebot3_ws/install/turtlebot3_node/share/turtlebot3_node/param/burger.yaml
[1.054s] -- Up-to-date symlink: /home/user/turtlebot3_ws/install/turtlebot3_node/share/turtlebot3_node/param/waffle.yaml
[1.055s] -- Up-to-date symlink: /home/user/turtlebot3_ws/install/turtlebot3_node/share/turtlebot3_node/param/waffle_pi.yaml
[1.055s] -- Up-to-date symlink: /home/user/turtlebot3_ws/install/turtlebot3_node/lib/turtlebot3_node/turtlebot3_ros
[1.055s] -- Up-to-date symlink: /home/user/turtlebot3_ws/install/turtlebot3_node/share/ament_index/resource_index/package_run_dependencies/turtlebot3_node
[1.055s] -- Up-to-date symlink: /home/user/turtlebot3_ws/install/turtlebot3_node/share/ament_index/resource_index/parent_prefix_path/turtlebot3_node
[1.055s] -- Up-to-date symlink: /home/user/turtlebot3_ws/install/turtlebot3_node/share/turtlebot3_node/environment/ament_prefix_path.sh
[1.056s] -- Up-to-date symlink: /home/user/turtlebot3_ws/install/turtlebot3_node/share/turtlebot3_node/environment/ament_prefix_path.dsv
[1.056s] -- Up-to-date symlink: /home/user/turtlebot3_ws/install/turtlebot3_node/share/turtlebot3_node/environment/path.sh
[1.056s] -- Up-to-date symlink: /home/user/turtlebot3_ws/install/turtlebot3_node/share/turtlebot3_node/environment/path.dsv
[1.056s] -- Up-to-date symlink: /home/user/turtlebot3_ws/install/turtlebot3_node/share/turtlebot3_node/local_setup.bash
[1.056s] -- Up-to-date symlink: /home/user/turtlebot3_ws/install/turtlebot3_node/share/turtlebot3_node/local_setup.sh
[1.056s] -- Up-to-date symlink: /home/user/turtlebot3_ws/install/turtlebot3_node/share/turtlebot3_node/local_setup.zsh
[1.057s] -- Up-to-date symlink: /home/user/turtlebot3_ws/install/turtlebot3_node/share/turtlebot3_node/local_setup.dsv
[1.057s] -- Symlinking: /home/user/turtlebot3_ws/install/turtlebot3_node/share/turtlebot3_node/package.dsv
[1.066s] -- Up-to-date symlink: /home/user/turtlebot3_ws/install/turtlebot3_node/share/ament_index/resource_index/packages/turtlebot3_node
[1.067s] -- Up-to-date symlink: /home/user/turtlebot3_ws/install/turtlebot3_node/share/turtlebot3_node/cmake/ament_cmake_export_include_directories-extras.cmake
[1.067s] -- Up-to-date symlink: /home/user/turtlebot3_ws/install/turtlebot3_node/share/turtlebot3_node/cmake/turtlebot3_nodeConfig.cmake
[1.067s] -- Up-to-date symlink: /home/user/turtlebot3_ws/install/turtlebot3_node/share/turtlebot3_node/cmake/turtlebot3_nodeConfig-version.cmake
[1.068s] -- Up-to-date symlink: /home/user/turtlebot3_ws/install/turtlebot3_node/share/turtlebot3_node/package.xml
[1.072s] Invoked command in '/home/user/turtlebot3_ws/build/turtlebot3_node' returned '0': CMAKE_PREFIX_PATH=/home/user/turtlebot3_ws/install/turtlebot3_msgs:/home/user/turtlebot3_ws/install/dynamixel_sdk:/home/user/turtlebot3_ws/install/turtlebot3:/home/user/turtlebot3_ws/install/turtlebot3_simulations:/home/user/turtlebot3_ws/install/turtlebot3_bringup:/home/user/turtlebot3_ws/install/turtlebot3_node:/home/user/turtlebot3_ws/install/turtlebot3_navigation2:/home/user/turtlebot3_ws/install/turtlebot3_fake_node:/home/user/turtlebot3_ws/install/turtlebot3_gazebo:/home/user/turtlebot3_ws/install/turtlebot3_description:/home/user/turtlebot3_ws/install/turtlebot3_cartographer:/home/user/turtlebot3_ws/install/dynamixel_sdk_examples:/home/user/turtlebot3_ws/install/dynamixel_sdk_custom_interfaces:/home/user/ros2_ws/install/turtlesim:/home/user/turtlebot3_ws/install/follow_me:/home/user/turtlebot3_ws/install/turtlebot3_teleop:/home/user/turtlebot3_ws/install/turtlebot3_example:/opt/ros/humble LD_LIBRARY_PATH=/home/user/turtlebot3_ws/install/turtlebot3_msgs/lib:/home/user/turtlebot3_ws/install/dynamixel_sdk/lib:/home/user/turtlebot3_ws/install/dynamixel_sdk_custom_interfaces/lib:/home/user/ros2_ws/install/turtlesim/lib:/usr/lib/x86_64-linux-gnu/gazebo-11/plugins:/opt/ros/humble/opt/rviz_ogre_vendor/lib:/opt/ros/humble/lib/x86_64-linux-gnu:/opt/ros/humble/lib:/usr/lib/x86_64-linux-gnu/gazebo-11/plugins:/usr/lib/x86_64-linux-gnu/gazebo-11/plugins:/usr/lib/x86_64-linux-gnu/gazebo-11/plugins /usr/bin/cmake --install /home/user/turtlebot3_ws/build/turtlebot3_node
