running develop
/usr/lib/python3/dist-packages/setuptools/command/easy_install.py:158: EasyInstallDeprecationWarning: easy_install command is deprecated. Use build and pip and other standards-based tools.
  warnings.warn(
running egg_info
creating follow_me.egg-info
writing follow_me.egg-info/PKG-INFO
writing dependency_links to follow_me.egg-info/dependency_links.txt
writing entry points to follow_me.egg-info/entry_points.txt
writing requirements to follow_me.egg-info/requires.txt
writing top-level names to follow_me.egg-info/top_level.txt
writing manifest file 'follow_me.egg-info/SOURCES.txt'
reading manifest file 'follow_me.egg-info/SOURCES.txt'
writing manifest file 'follow_me.egg-info/SOURCES.txt'
running build_ext
Creating /home/user/turtlebot3_ws/src/install/follow_me/lib/python3.10/site-packages/follow-me.egg-link (link to .)
Installing follow_me script to /home/user/turtlebot3_ws/src/install/follow_me/lib/follow_me

Installed /home/user/turtlebot3_ws/src/build/follow_me
running symlink_data
creating /home/user/turtlebot3_ws/src/install/follow_me/share/ament_index
creating /home/user/turtlebot3_ws/src/install/follow_me/share/ament_index/resource_index
creating /home/user/turtlebot3_ws/src/install/follow_me/share/ament_index/resource_index/packages
symbolically linking /home/user/turtlebot3_ws/src/build/follow_me/resource/follow_me -> /home/user/turtlebot3_ws/src/install/follow_me/share/ament_index/resource_index/packages
symbolically linking /home/user/turtlebot3_ws/src/build/follow_me/package.xml -> /home/user/turtlebot3_ws/src/install/follow_me/share/follow_me
