[0.059s] Invoking command in '/home/user/turtlebot3_ws/build/dynamixel_sdk': CMAKE_PREFIX_PATH=${CMAKE_PREFIX_PATH}:/home/user/turtlebot3_ws/install/turtlebot3_teleop:/home/user/turtlebot3_ws/install/turtlebot3_example:/home/user/turtlebot3_ws/install/follow_me:/opt/ros/humble /usr/bin/cmake --build /home/user/turtlebot3_ws/build/dynamixel_sdk -- -j16 -l16
[0.631s] [100%] Built target dynamixel_sdk
[0.646s] Invoked command in '/home/user/turtlebot3_ws/build/dynamixel_sdk' returned '0': CMAKE_PREFIX_PATH=${CMAKE_PREFIX_PATH}:/home/user/turtlebot3_ws/install/turtlebot3_teleop:/home/user/turtlebot3_ws/install/turtlebot3_example:/home/user/turtlebot3_ws/install/follow_me:/opt/ros/humble /usr/bin/cmake --build /home/user/turtlebot3_ws/build/dynamixel_sdk -- -j16 -l16
[0.711s] Invoking command in '/home/user/turtlebot3_ws/build/dynamixel_sdk': CMAKE_PREFIX_PATH=${CMAKE_PREFIX_PATH}:/home/user/turtlebot3_ws/install/turtlebot3_teleop:/home/user/turtlebot3_ws/install/turtlebot3_example:/home/user/turtlebot3_ws/install/follow_me:/opt/ros/humble /usr/bin/cmake --install /home/user/turtlebot3_ws/build/dynamixel_sdk
[0.722s] -- Install configuration: ""
[0.731s] -- Execute custom install script
[0.746s] -- Up-to-date symlink: /home/user/turtlebot3_ws/install/dynamixel_sdk/include//dynamixel_sdk/dynamixel_sdk.h
[0.750s] -- Up-to-date symlink: /home/user/turtlebot3_ws/install/dynamixel_sdk/include//dynamixel_sdk/group_bulk_read.h
[0.757s] -- Up-to-date symlink: /home/user/turtlebot3_ws/install/dynamixel_sdk/include//dynamixel_sdk/group_bulk_write.h
[0.760s] -- Up-to-date symlink: /home/user/turtlebot3_ws/install/dynamixel_sdk/include//dynamixel_sdk/group_sync_read.h
[0.763s] -- Up-to-date symlink: /home/user/turtlebot3_ws/install/dynamixel_sdk/include//dynamixel_sdk/group_sync_write.h
[0.765s] -- Up-to-date symlink: /home/user/turtlebot3_ws/install/dynamixel_sdk/include//dynamixel_sdk/packet_handler.h
[0.771s] -- Up-to-date symlink: /home/user/turtlebot3_ws/install/dynamixel_sdk/include//dynamixel_sdk/port_handler.h
[0.774s] -- Up-to-date symlink: /home/user/turtlebot3_ws/install/dynamixel_sdk/include//dynamixel_sdk/port_handler_arduino.h
[0.779s] -- Up-to-date symlink: /home/user/turtlebot3_ws/install/dynamixel_sdk/include//dynamixel_sdk/port_handler_linux.h
[0.782s] -- Up-to-date symlink: /home/user/turtlebot3_ws/install/dynamixel_sdk/include//dynamixel_sdk/port_handler_mac.h
[0.788s] -- Up-to-date symlink: /home/user/turtlebot3_ws/install/dynamixel_sdk/include//dynamixel_sdk/port_handler_windows.h
[0.792s] -- Up-to-date symlink: /home/user/turtlebot3_ws/install/dynamixel_sdk/include//dynamixel_sdk/protocol1_packet_handler.h
[0.795s] -- Up-to-date symlink: /home/user/turtlebot3_ws/install/dynamixel_sdk/include//dynamixel_sdk/protocol2_packet_handler.h
[0.800s] -- Up-to-date symlink: /home/user/turtlebot3_ws/install/dynamixel_sdk/lib/libdynamixel_sdk.so
[0.806s] -- Up-to-date symlink: /home/user/turtlebot3_ws/install/dynamixel_sdk/share/dynamixel_sdk/environment/library_path.sh
[0.807s] -- Up-to-date symlink: /home/user/turtlebot3_ws/install/dynamixel_sdk/share/dynamixel_sdk/environment/library_path.dsv
[0.807s] -- Up-to-date symlink: /home/user/turtlebot3_ws/install/dynamixel_sdk/share/ament_index/resource_index/package_run_dependencies/dynamixel_sdk
[0.815s] -- Up-to-date symlink: /home/user/turtlebot3_ws/install/dynamixel_sdk/share/ament_index/resource_index/parent_prefix_path/dynamixel_sdk
[0.820s] -- Up-to-date symlink: /home/user/turtlebot3_ws/install/dynamixel_sdk/share/dynamixel_sdk/environment/ament_prefix_path.sh
[0.820s] -- Up-to-date symlink: /home/user/turtlebot3_ws/install/dynamixel_sdk/share/dynamixel_sdk/environment/ament_prefix_path.dsv
[0.824s] -- Up-to-date symlink: /home/user/turtlebot3_ws/install/dynamixel_sdk/share/dynamixel_sdk/environment/path.sh
[0.825s] -- Up-to-date symlink: /home/user/turtlebot3_ws/install/dynamixel_sdk/share/dynamixel_sdk/environment/path.dsv
[0.827s] -- Up-to-date symlink: /home/user/turtlebot3_ws/install/dynamixel_sdk/share/dynamixel_sdk/local_setup.bash
[0.829s] -- Up-to-date symlink: /home/user/turtlebot3_ws/install/dynamixel_sdk/share/dynamixel_sdk/local_setup.sh
[0.834s] -- Up-to-date symlink: /home/user/turtlebot3_ws/install/dynamixel_sdk/share/dynamixel_sdk/local_setup.zsh
[0.835s] -- Up-to-date symlink: /home/user/turtlebot3_ws/install/dynamixel_sdk/share/dynamixel_sdk/local_setup.dsv
[0.835s] -- Symlinking: /home/user/turtlebot3_ws/install/dynamixel_sdk/share/dynamixel_sdk/package.dsv
[0.847s] -- Up-to-date symlink: /home/user/turtlebot3_ws/install/dynamixel_sdk/share/ament_index/resource_index/packages/dynamixel_sdk
[0.855s] -- Up-to-date symlink: /home/user/turtlebot3_ws/install/dynamixel_sdk/share/dynamixel_sdk/cmake/ament_cmake_export_include_directories-extras.cmake
[0.857s] -- Up-to-date symlink: /home/user/turtlebot3_ws/install/dynamixel_sdk/share/dynamixel_sdk/cmake/ament_cmake_export_libraries-extras.cmake
[0.861s] -- Up-to-date symlink: /home/user/turtlebot3_ws/install/dynamixel_sdk/share/dynamixel_sdk/cmake/dynamixel_sdkConfig.cmake
[0.863s] -- Up-to-date symlink: /home/user/turtlebot3_ws/install/dynamixel_sdk/share/dynamixel_sdk/cmake/dynamixel_sdkConfig-version.cmake
[0.863s] -- Up-to-date symlink: /home/user/turtlebot3_ws/install/dynamixel_sdk/share/dynamixel_sdk/package.xml
[0.889s] Invoked command in '/home/user/turtlebot3_ws/build/dynamixel_sdk' returned '0': CMAKE_PREFIX_PATH=${CMAKE_PREFIX_PATH}:/home/user/turtlebot3_ws/install/turtlebot3_teleop:/home/user/turtlebot3_ws/install/turtlebot3_example:/home/user/turtlebot3_ws/install/follow_me:/opt/ros/humble /usr/bin/cmake --install /home/user/turtlebot3_ws/build/dynamixel_sdk
