[0.658s] Invoking command in '/home/user/turtlebot3_ws/src/follow_me': PYTHONPATH=/home/user/turtlebot3_ws/build/follow_me/prefix_override:/usr/lib/python3/dist-packages/colcon_core/task/python/colcon_distutils_commands:/home/user/turtlebot3_ws/install/follow_me/lib/python3.10/site-packages:${PYTHONPATH} /usr/bin/python3 -W ignore:setup.py install is deprecated setup.py egg_info --egg-base ../../build/follow_me build --build-base /home/user/turtlebot3_ws/build/follow_me/build install --record /home/user/turtlebot3_ws/build/follow_me/install.log --single-version-externally-managed install_data
[0.876s] running egg_info
[0.877s] writing ../../build/follow_me/follow_me.egg-info/PKG-INFO
[0.877s] writing dependency_links to ../../build/follow_me/follow_me.egg-info/dependency_links.txt
[0.877s] writing entry points to ../../build/follow_me/follow_me.egg-info/entry_points.txt
[0.877s] writing requirements to ../../build/follow_me/follow_me.egg-info/requires.txt
[0.878s] writing top-level names to ../../build/follow_me/follow_me.egg-info/top_level.txt
[0.879s] reading manifest file '../../build/follow_me/follow_me.egg-info/SOURCES.txt'
[0.879s] adding license file 'LICENSE'
[0.879s] writing manifest file '../../build/follow_me/follow_me.egg-info/SOURCES.txt'
[0.879s] running build
[0.880s] running build_py
[0.880s] copying follow_me/follow_me.py -> /home/user/turtlebot3_ws/build/follow_me/build/lib/follow_me
[0.880s] running install
[0.880s] running install_lib
[0.881s] copying /home/user/turtlebot3_ws/build/follow_me/build/lib/follow_me/follow_me.py -> /home/user/turtlebot3_ws/install/follow_me/lib/python3.10/site-packages/follow_me
[0.882s] byte-compiling /home/user/turtlebot3_ws/install/follow_me/lib/python3.10/site-packages/follow_me/follow_me.py to follow_me.cpython-310.pyc
[0.882s] running install_data
[0.883s] running install_egg_info
[0.884s] removing '/home/user/turtlebot3_ws/install/follow_me/lib/python3.10/site-packages/follow_me-0.0.0-py3.10.egg-info' (and everything under it)
[0.884s] Copying ../../build/follow_me/follow_me.egg-info to /home/user/turtlebot3_ws/install/follow_me/lib/python3.10/site-packages/follow_me-0.0.0-py3.10.egg-info
[0.884s] running install_scripts
[0.906s] Installing follow_me script to /home/user/turtlebot3_ws/install/follow_me/lib/follow_me
[0.907s] writing list of installed files to '/home/user/turtlebot3_ws/build/follow_me/install.log'
[0.931s] Invoked command in '/home/user/turtlebot3_ws/src/follow_me' returned '0': PYTHONPATH=/home/user/turtlebot3_ws/build/follow_me/prefix_override:/usr/lib/python3/dist-packages/colcon_core/task/python/colcon_distutils_commands:/home/user/turtlebot3_ws/install/follow_me/lib/python3.10/site-packages:${PYTHONPATH} /usr/bin/python3 -W ignore:setup.py install is deprecated setup.py egg_info --egg-base ../../build/follow_me build --build-base /home/user/turtlebot3_ws/build/follow_me/build install --record /home/user/turtlebot3_ws/build/follow_me/install.log --single-version-externally-managed install_data
