[0.077s] Invoking command in '/home/user/turtlebot3_ws/build/turtlebot3_cartographer': CMAKE_PREFIX_PATH=${CMAKE_PREFIX_PATH}:/home/user/turtlebot3_ws/install/follow_me:/home/user/turtlebot3_ws/install/turtlebot3_teleop:/home/user/turtlebot3_ws/install/turtlebot3_example:/opt/ros/humble /usr/bin/cmake /home/user/turtlebot3_ws/src/turtlebot3/turtlebot3_cartographer -DCMAKE_INSTALL_PREFIX=/home/user/turtlebot3_ws/install/turtlebot3_cartographer
[0.520s] -- Found ament_cmake: 1.3.10 (/opt/ros/humble/share/ament_cmake/cmake)
[0.520s] -- Override CMake install command with custom implementation using symlinks instead of copying resources
[0.520s] -- Configuring done
[0.521s] -- Generating done
[0.521s] -- Build files have been written to: /home/user/turtlebot3_ws/build/turtlebot3_cartographer
[0.526s] Invoked command in '/home/user/turtlebot3_ws/build/turtlebot3_cartographer' returned '0': CMAKE_PREFIX_PATH=${CMAKE_PREFIX_PATH}:/home/user/turtlebot3_ws/install/follow_me:/home/user/turtlebot3_ws/install/turtlebot3_teleop:/home/user/turtlebot3_ws/install/turtlebot3_example:/opt/ros/humble /usr/bin/cmake /home/user/turtlebot3_ws/src/turtlebot3/turtlebot3_cartographer -DCMAKE_INSTALL_PREFIX=/home/user/turtlebot3_ws/install/turtlebot3_cartographer
[0.528s] Invoking command in '/home/user/turtlebot3_ws/build/turtlebot3_cartographer': CMAKE_PREFIX_PATH=${CMAKE_PREFIX_PATH}:/home/user/turtlebot3_ws/install/follow_me:/home/user/turtlebot3_ws/install/turtlebot3_teleop:/home/user/turtlebot3_ws/install/turtlebot3_example:/opt/ros/humble /usr/bin/cmake --build /home/user/turtlebot3_ws/build/turtlebot3_cartographer -- -j16 -l16
[0.838s] Invoked command in '/home/user/turtlebot3_ws/build/turtlebot3_cartographer' returned '0': CMAKE_PREFIX_PATH=${CMAKE_PREFIX_PATH}:/home/user/turtlebot3_ws/install/follow_me:/home/user/turtlebot3_ws/install/turtlebot3_teleop:/home/user/turtlebot3_ws/install/turtlebot3_example:/opt/ros/humble /usr/bin/cmake --build /home/user/turtlebot3_ws/build/turtlebot3_cartographer -- -j16 -l16
[0.885s] Invoking command in '/home/user/turtlebot3_ws/build/turtlebot3_cartographer': CMAKE_PREFIX_PATH=${CMAKE_PREFIX_PATH}:/home/user/turtlebot3_ws/install/follow_me:/home/user/turtlebot3_ws/install/turtlebot3_teleop:/home/user/turtlebot3_ws/install/turtlebot3_example:/opt/ros/humble /usr/bin/cmake --install /home/user/turtlebot3_ws/build/turtlebot3_cartographer
[0.900s] -- Install configuration: ""
[0.901s] -- Execute custom install script
[0.906s] -- Up-to-date symlink: /home/user/turtlebot3_ws/install/turtlebot3_cartographer/share/turtlebot3_cartographer/config/turtlebot3_lds_2d.lua
[0.910s] -- Up-to-date symlink: /home/user/turtlebot3_ws/install/turtlebot3_cartographer/share/turtlebot3_cartographer/launch/cartographer.launch.py
[0.910s] -- Up-to-date symlink: /home/user/turtlebot3_ws/install/turtlebot3_cartographer/share/turtlebot3_cartographer/launch/occupancy_grid.launch.py
[0.915s] -- Up-to-date symlink: /home/user/turtlebot3_ws/install/turtlebot3_cartographer/share/turtlebot3_cartographer/rviz/tb3_cartographer.rviz
[0.915s] -- Up-to-date symlink: /home/user/turtlebot3_ws/install/turtlebot3_cartographer/share/ament_index/resource_index/package_run_dependencies/turtlebot3_cartographer
[0.915s] -- Up-to-date symlink: /home/user/turtlebot3_ws/install/turtlebot3_cartographer/share/ament_index/resource_index/parent_prefix_path/turtlebot3_cartographer
[0.915s] -- Up-to-date symlink: /home/user/turtlebot3_ws/install/turtlebot3_cartographer/share/turtlebot3_cartographer/environment/ament_prefix_path.sh
[0.916s] -- Up-to-date symlink: /home/user/turtlebot3_ws/install/turtlebot3_cartographer/share/turtlebot3_cartographer/environment/ament_prefix_path.dsv
[0.916s] -- Up-to-date symlink: /home/user/turtlebot3_ws/install/turtlebot3_cartographer/share/turtlebot3_cartographer/environment/path.sh
[0.917s] -- Up-to-date symlink: /home/user/turtlebot3_ws/install/turtlebot3_cartographer/share/turtlebot3_cartographer/environment/path.dsv
[0.917s] -- Up-to-date symlink: /home/user/turtlebot3_ws/install/turtlebot3_cartographer/share/turtlebot3_cartographer/local_setup.bash
[0.918s] -- Up-to-date symlink: /home/user/turtlebot3_ws/install/turtlebot3_cartographer/share/turtlebot3_cartographer/local_setup.sh
[0.920s] -- Up-to-date symlink: /home/user/turtlebot3_ws/install/turtlebot3_cartographer/share/turtlebot3_cartographer/local_setup.zsh
[0.921s] -- Up-to-date symlink: /home/user/turtlebot3_ws/install/turtlebot3_cartographer/share/turtlebot3_cartographer/local_setup.dsv
[0.921s] -- Symlinking: /home/user/turtlebot3_ws/install/turtlebot3_cartographer/share/turtlebot3_cartographer/package.dsv
[0.933s] -- Up-to-date symlink: /home/user/turtlebot3_ws/install/turtlebot3_cartographer/share/ament_index/resource_index/packages/turtlebot3_cartographer
[0.934s] -- Up-to-date symlink: /home/user/turtlebot3_ws/install/turtlebot3_cartographer/share/turtlebot3_cartographer/cmake/turtlebot3_cartographerConfig.cmake
[0.935s] -- Up-to-date symlink: /home/user/turtlebot3_ws/install/turtlebot3_cartographer/share/turtlebot3_cartographer/cmake/turtlebot3_cartographerConfig-version.cmake
[0.936s] -- Up-to-date symlink: /home/user/turtlebot3_ws/install/turtlebot3_cartographer/share/turtlebot3_cartographer/package.xml
[0.941s] Invoked command in '/home/user/turtlebot3_ws/build/turtlebot3_cartographer' returned '0': CMAKE_PREFIX_PATH=${CMAKE_PREFIX_PATH}:/home/user/turtlebot3_ws/install/follow_me:/home/user/turtlebot3_ws/install/turtlebot3_teleop:/home/user/turtlebot3_ws/install/turtlebot3_example:/opt/ros/humble /usr/bin/cmake --install /home/user/turtlebot3_ws/build/turtlebot3_cartographer
