running develop
/usr/lib/python3/dist-packages/setuptools/command/easy_install.py:158: EasyInstallDeprecationWarning: easy_install command is deprecated. Use build and pip and other standards-based tools.
  warnings.warn(
Removing /home/user/turtlebot3_ws/install/follow_me/lib/python3.10/site-packages/follow-me.egg-link (link to .)
running egg_info
writing ../../build/follow_me/follow_me.egg-info/PKG-INFO
writing dependency_links to ../../build/follow_me/follow_me.egg-info/dependency_links.txt
writing entry points to ../../build/follow_me/follow_me.egg-info/entry_points.txt
writing requirements to ../../build/follow_me/follow_me.egg-info/requires.txt
writing top-level names to ../../build/follow_me/follow_me.egg-info/top_level.txt
reading manifest file '../../build/follow_me/follow_me.egg-info/SOURCES.txt'
adding license file 'LICENSE'
writing manifest file '../../build/follow_me/follow_me.egg-info/SOURCES.txt'
running build
running build_py
copying follow_me/follow_me.py -> /home/user/turtlebot3_ws/build/follow_me/build/lib/follow_me
copying follow_me/__init__.py -> /home/user/turtlebot3_ws/build/follow_me/build/lib/follow_me
running install
running install_lib
creating /home/user/turtlebot3_ws/install/follow_me/lib/python3.10/site-packages/follow_me
copying /home/user/turtlebot3_ws/build/follow_me/build/lib/follow_me/follow_me.py -> /home/user/turtlebot3_ws/install/follow_me/lib/python3.10/site-packages/follow_me
copying /home/user/turtlebot3_ws/build/follow_me/build/lib/follow_me/__init__.py -> /home/user/turtlebot3_ws/install/follow_me/lib/python3.10/site-packages/follow_me
byte-compiling /home/user/turtlebot3_ws/install/follow_me/lib/python3.10/site-packages/follow_me/follow_me.py to follow_me.cpython-310.pyc
byte-compiling /home/user/turtlebot3_ws/install/follow_me/lib/python3.10/site-packages/follow_me/__init__.py to __init__.cpython-310.pyc
running install_data
copying resource/follow_me -> /home/user/turtlebot3_ws/install/follow_me/share/ament_index/resource_index/packages
copying package.xml -> /home/user/turtlebot3_ws/install/follow_me/share/follow_me
running install_egg_info
Copying ../../build/follow_me/follow_me.egg-info to /home/user/turtlebot3_ws/install/follow_me/lib/python3.10/site-packages/follow_me-0.0.0-py3.10.egg-info
running install_scripts
Installing follow_me script to /home/user/turtlebot3_ws/install/follow_me/lib/follow_me
writing list of installed files to '/home/user/turtlebot3_ws/build/follow_me/install.log'
