[1.258s] Invoking command in '/home/user/turtlebot3_ws/src/follow_me': PYTHONPATH=/home/user/turtlebot3_ws/build/follow_me/prefix_override:/usr/lib/python3/dist-packages/colcon_core/task/python/colcon_distutils_commands:/home/user/turtlebot3_ws/install/follow_me/lib/python3.10/site-packages:${PYTHONPATH} /usr/bin/python3 -W ignore:setup.py install is deprecated setup.py egg_info --egg-base ../../build/follow_me build --build-base /home/user/turtlebot3_ws/build/follow_me/build install --record /home/user/turtlebot3_ws/build/follow_me/install.log --single-version-externally-managed install_data
[1.651s] running egg_info
[1.653s] writing ../../build/follow_me/follow_me.egg-info/PKG-INFO
[1.653s] writing dependency_links to ../../build/follow_me/follow_me.egg-info/dependency_links.txt
[1.653s] writing entry points to ../../build/follow_me/follow_me.egg-info/entry_points.txt
[1.653s] writing requirements to ../../build/follow_me/follow_me.egg-info/requires.txt
[1.653s] writing top-level names to ../../build/follow_me/follow_me.egg-info/top_level.txt
[1.655s] reading manifest file '../../build/follow_me/follow_me.egg-info/SOURCES.txt'
[1.656s] adding license file 'LICENSE'
[1.656s] writing manifest file '../../build/follow_me/follow_me.egg-info/SOURCES.txt'
[1.656s] running build
[1.656s] running build_py
[1.657s] copying follow_me/follow_me.py -> /home/user/turtlebot3_ws/build/follow_me/build/lib/follow_me
[1.657s] running install
[1.657s] running install_lib
[1.658s] copying /home/user/turtlebot3_ws/build/follow_me/build/lib/follow_me/follow_me.py -> /home/user/turtlebot3_ws/install/follow_me/lib/python3.10/site-packages/follow_me
[1.659s] byte-compiling /home/user/turtlebot3_ws/install/follow_me/lib/python3.10/site-packages/follow_me/follow_me.py to follow_me.cpython-310.pyc
[1.659s] running install_data
[1.660s] running install_egg_info
[1.661s] removing '/home/user/turtlebot3_ws/install/follow_me/lib/python3.10/site-packages/follow_me-0.0.0-py3.10.egg-info' (and everything under it)
[1.661s] Copying ../../build/follow_me/follow_me.egg-info to /home/user/turtlebot3_ws/install/follow_me/lib/python3.10/site-packages/follow_me-0.0.0-py3.10.egg-info
[1.662s] running install_scripts
[1.689s] Installing follow_me script to /home/user/turtlebot3_ws/install/follow_me/lib/follow_me
[1.689s] writing list of installed files to '/home/user/turtlebot3_ws/build/follow_me/install.log'
[1.775s] Invoked command in '/home/user/turtlebot3_ws/src/follow_me' returned '0': PYTHONPATH=/home/user/turtlebot3_ws/build/follow_me/prefix_override:/usr/lib/python3/dist-packages/colcon_core/task/python/colcon_distutils_commands:/home/user/turtlebot3_ws/install/follow_me/lib/python3.10/site-packages:${PYTHONPATH} /usr/bin/python3 -W ignore:setup.py install is deprecated setup.py egg_info --egg-base ../../build/follow_me build --build-base /home/user/turtlebot3_ws/build/follow_me/build install --record /home/user/turtlebot3_ws/build/follow_me/install.log --single-version-externally-managed install_data
