[0.876s] Invoking command in '/home/user/turtlebot3_ws/src/build/turtlebot3_example': AMENT_PREFIX_PATH=/home/user/turtlebot3_ws/src/install/turtlebot3_msgs:${AMENT_PREFIX_PATH} CMAKE_PREFIX_PATH=/home/user/turtlebot3_ws/src/install/turtlebot3_msgs:${CMAKE_PREFIX_PATH} LD_LIBRARY_PATH=/home/user/turtlebot3_ws/src/install/turtlebot3_msgs/lib:/home/user/turtlebot3_ws/install/turtlebot3_msgs/lib:/home/user/turtlebot3_ws/install/dynamixel_sdk_custom_interfaces/lib:/home/user/turtlebot3_ws/install/dynamixel_sdk/lib:/home/user/ros2_ws/install/turtlesim/lib:/usr/lib/x86_64-linux-gnu/gazebo-11/plugins:/opt/ros/humble/opt/rviz_ogre_vendor/lib:/opt/ros/humble/lib/x86_64-linux-gnu:/opt/ros/humble/lib:/usr/lib/x86_64-linux-gnu/gazebo-11/plugins:/usr/lib/x86_64-linux-gnu/gazebo-11/plugins:/usr/lib/x86_64-linux-gnu/gazebo-11/plugins PYTHONPATH=/home/user/turtlebot3_ws/src/build/turtlebot3_example/prefix_override:/usr/lib/python3/dist-packages/colcon_core/task/python/colcon_distutils_commands:/home/user/turtlebot3_ws/src/install/turtlebot3_example/lib/python3.10/site-packages:/home/user/turtlebot3_ws/src/install/turtlebot3_msgs/local/lib/python3.10/dist-packages:${PYTHONPATH} /usr/bin/python3 -W ignore:setup.py install is deprecated setup.py develop --editable --build-directory /home/user/turtlebot3_ws/src/build/turtlebot3_example/build --no-deps symlink_data
[1.252s] running develop
[1.253s] /usr/lib/python3/dist-packages/setuptools/command/easy_install.py:158: EasyInstallDeprecationWarning: easy_install command is deprecated. Use build and pip and other standards-based tools.
[1.253s]   warnings.warn(
[1.440s] running egg_info
[1.440s] creating turtlebot3_example.egg-info
[1.440s] writing turtlebot3_example.egg-info/PKG-INFO
[1.441s] writing dependency_links to turtlebot3_example.egg-info/dependency_links.txt
[1.441s] writing entry points to turtlebot3_example.egg-info/entry_points.txt
[1.441s] writing requirements to turtlebot3_example.egg-info/requires.txt
[1.441s] writing top-level names to turtlebot3_example.egg-info/top_level.txt
[1.441s] writing manifest file 'turtlebot3_example.egg-info/SOURCES.txt'
[1.444s] reading manifest file 'turtlebot3_example.egg-info/SOURCES.txt'
[1.445s] writing manifest file 'turtlebot3_example.egg-info/SOURCES.txt'
[1.447s] running build_ext
[1.447s] Creating /home/user/turtlebot3_ws/src/install/turtlebot3_example/lib/python3.10/site-packages/turtlebot3-example.egg-link (link to .)
[1.448s] Installing turtlebot3_obstacle_detection script to /home/user/turtlebot3_ws/src/install/turtlebot3_example/lib/turtlebot3_example
[1.448s] Installing turtlebot3_patrol_client script to /home/user/turtlebot3_ws/src/install/turtlebot3_example/lib/turtlebot3_example
[1.448s] Installing turtlebot3_patrol_server script to /home/user/turtlebot3_ws/src/install/turtlebot3_example/lib/turtlebot3_example
[1.448s] Installing turtlebot3_position_control script to /home/user/turtlebot3_ws/src/install/turtlebot3_example/lib/turtlebot3_example
[1.448s] 
[1.449s] Installed /home/user/turtlebot3_ws/src/build/turtlebot3_example
[1.449s] running symlink_data
[1.449s] creating /home/user/turtlebot3_ws/src/install/turtlebot3_example/share/ament_index
[1.449s] creating /home/user/turtlebot3_ws/src/install/turtlebot3_example/share/ament_index/resource_index
[1.449s] creating /home/user/turtlebot3_ws/src/install/turtlebot3_example/share/ament_index/resource_index/packages
[1.449s] symbolically linking /home/user/turtlebot3_ws/src/build/turtlebot3_example/resource/turtlebot3_example -> /home/user/turtlebot3_ws/src/install/turtlebot3_example/share/ament_index/resource_index/packages
[1.450s] symbolically linking /home/user/turtlebot3_ws/src/build/turtlebot3_example/package.xml -> /home/user/turtlebot3_ws/src/install/turtlebot3_example/share/turtlebot3_example
[1.492s] Invoked command in '/home/user/turtlebot3_ws/src/build/turtlebot3_example' returned '0': AMENT_PREFIX_PATH=/home/user/turtlebot3_ws/src/install/turtlebot3_msgs:${AMENT_PREFIX_PATH} CMAKE_PREFIX_PATH=/home/user/turtlebot3_ws/src/install/turtlebot3_msgs:${CMAKE_PREFIX_PATH} LD_LIBRARY_PATH=/home/user/turtlebot3_ws/src/install/turtlebot3_msgs/lib:/home/user/turtlebot3_ws/install/turtlebot3_msgs/lib:/home/user/turtlebot3_ws/install/dynamixel_sdk_custom_interfaces/lib:/home/user/turtlebot3_ws/install/dynamixel_sdk/lib:/home/user/ros2_ws/install/turtlesim/lib:/usr/lib/x86_64-linux-gnu/gazebo-11/plugins:/opt/ros/humble/opt/rviz_ogre_vendor/lib:/opt/ros/humble/lib/x86_64-linux-gnu:/opt/ros/humble/lib:/usr/lib/x86_64-linux-gnu/gazebo-11/plugins:/usr/lib/x86_64-linux-gnu/gazebo-11/plugins:/usr/lib/x86_64-linux-gnu/gazebo-11/plugins PYTHONPATH=/home/user/turtlebot3_ws/src/build/turtlebot3_example/prefix_override:/usr/lib/python3/dist-packages/colcon_core/task/python/colcon_distutils_commands:/home/user/turtlebot3_ws/src/install/turtlebot3_example/lib/python3.10/site-packages:/home/user/turtlebot3_ws/src/install/turtlebot3_msgs/local/lib/python3.10/dist-packages:${PYTHONPATH} /usr/bin/python3 -W ignore:setup.py install is deprecated setup.py develop --editable --build-directory /home/user/turtlebot3_ws/src/build/turtlebot3_example/build --no-deps symlink_data
