[0.018s] Invoking command in '/home/user/turtlebot3_ws/build/turtlebot3_node': AMENT_PREFIX_PATH=/home/user/turtlebot3_ws/install/turtlebot3_msgs:/home/user/turtlebot3_ws/install/dynamixel_sdk:${AMENT_PREFIX_PATH} CMAKE_PREFIX_PATH=/home/user/turtlebot3_ws/install/turtlebot3_msgs:/home/user/turtlebot3_ws/install/dynamixel_sdk:/home/user/turtlebot3_ws/install/turtlebot3_simulations:/home/user/turtlebot3_ws/install/turtlebot3_gazebo:/home/user/turtlebot3_ws/install/turtlebot3_fake_node:/home/user/ros2_ws/install/turtlesim:/opt/ros/humble LD_LIBRARY_PATH=/home/user/turtlebot3_ws/install/turtlebot3_msgs/lib:/home/user/turtlebot3_ws/install/dynamixel_sdk/lib:/home/user/ros2_ws/install/turtlesim/lib:/usr/lib/x86_64-linux-gnu/gazebo-11/plugins:/opt/ros/humble/opt/rviz_ogre_vendor/lib:/opt/ros/humble/lib/x86_64-linux-gnu:/opt/ros/humble/lib:/usr/lib/x86_64-linux-gnu/gazebo-11/plugins PYTHONPATH=/home/user/turtlebot3_ws/install/turtlebot3_msgs/local/lib/python3.10/dist-packages:${PYTHONPATH} /usr/bin/cmake /home/user/turtlebot3_ws/src/turtlebot3/turtlebot3_node -DAMENT_CMAKE_SYMLINK_INSTALL=1 -DCMAKE_INSTALL_PREFIX=/home/user/turtlebot3_ws/install/turtlebot3_node
[0.082s] -- The C compiler identification is GNU 11.4.0
[0.148s] -- The CXX compiler identification is GNU 11.4.0
[0.158s] -- Detecting C compiler ABI info
[0.244s] -- Detecting C compiler ABI info - done
[0.251s] -- Check for working C compiler: /usr/bin/cc - skipped
[0.251s] -- Detecting C compile features
[0.252s] -- Detecting C compile features - done
[0.255s] -- Detecting CXX compiler ABI info
[0.349s] -- Detecting CXX compiler ABI info - done
[0.355s] -- Check for working CXX compiler: /usr/bin/c++ - skipped
[0.356s] -- Detecting CXX compile features
[0.356s] -- Detecting CXX compile features - done
[0.359s] -- Found ament_cmake: 1.3.10 (/opt/ros/humble/share/ament_cmake/cmake)
[0.496s] -- Found Python3: /usr/bin/python3 (found version "3.10.12") found components: Interpreter 
[0.546s] -- Override CMake install command with custom implementation using symlinks instead of copying resources
[0.566s] -- Found dynamixel_sdk: 3.7.60 (/home/user/turtlebot3_ws/install/dynamixel_sdk/share/dynamixel_sdk/cmake)
[0.570s] -- Found geometry_msgs: 4.2.4 (/opt/ros/humble/share/geometry_msgs/cmake)
[0.598s] -- Found rosidl_generator_c: 3.1.5 (/opt/ros/humble/share/rosidl_generator_c/cmake)
[0.602s] -- Found rosidl_adapter: 3.1.5 (/opt/ros/humble/share/rosidl_adapter/cmake)
[0.609s] -- Found rosidl_generator_cpp: 3.1.5 (/opt/ros/humble/share/rosidl_generator_cpp/cmake)
[0.618s] -- Using all available rosidl_typesupport_c: rosidl_typesupport_fastrtps_c;rosidl_typesupport_introspection_c
[0.630s] -- Using all available rosidl_typesupport_cpp: rosidl_typesupport_fastrtps_cpp;rosidl_typesupport_introspection_cpp
[0.668s] -- Found message_filters: 4.3.5 (/opt/ros/humble/share/message_filters/cmake)
[0.702s] -- Found rmw_implementation_cmake: 6.1.2 (/opt/ros/humble/share/rmw_implementation_cmake/cmake)
[0.704s] -- Found rmw_fastrtps_cpp: 6.2.7 (/opt/ros/humble/share/rmw_fastrtps_cpp/cmake)
[0.789s] -- Found OpenSSL: /usr/lib/x86_64-linux-gnu/libcrypto.so (found version "3.0.2")  
[0.818s] -- Found FastRTPS: /opt/ros/humble/include  
[0.852s] -- Using RMW implementation 'rmw_fastrtps_cpp' as default
[0.859s] -- Looking for pthread.h
[0.931s] -- Looking for pthread.h - found
[0.931s] -- Performing Test CMAKE_HAVE_LIBC_PTHREAD
[1.006s] -- Performing Test CMAKE_HAVE_LIBC_PTHREAD - Success
[1.007s] -- Found Threads: TRUE  
[1.046s] -- Found nav_msgs: 4.2.4 (/opt/ros/humble/share/nav_msgs/cmake)
[1.066s] -- Found sensor_msgs: 4.2.4 (/opt/ros/humble/share/sensor_msgs/cmake)
[1.088s] -- Found std_srvs: 4.2.4 (/opt/ros/humble/share/std_srvs/cmake)
[1.106s] -- Found tf2: 0.25.8 (/opt/ros/humble/share/tf2/cmake)
[1.128s] -- Found tf2_ros: 0.25.8 (/opt/ros/humble/share/tf2_ros/cmake)
[1.219s] -- Found turtlebot3_msgs: 2.2.3 (/home/user/turtlebot3_ws/install/turtlebot3_msgs/share/turtlebot3_msgs/cmake)
[1.321s] -- Configuring done
[1.344s] -- Generating done
[1.345s] -- Build files have been written to: /home/user/turtlebot3_ws/build/turtlebot3_node
[1.358s] Invoked command in '/home/user/turtlebot3_ws/build/turtlebot3_node' returned '0': AMENT_PREFIX_PATH=/home/user/turtlebot3_ws/install/turtlebot3_msgs:/home/user/turtlebot3_ws/install/dynamixel_sdk:${AMENT_PREFIX_PATH} CMAKE_PREFIX_PATH=/home/user/turtlebot3_ws/install/turtlebot3_msgs:/home/user/turtlebot3_ws/install/dynamixel_sdk:/home/user/turtlebot3_ws/install/turtlebot3_simulations:/home/user/turtlebot3_ws/install/turtlebot3_gazebo:/home/user/turtlebot3_ws/install/turtlebot3_fake_node:/home/user/ros2_ws/install/turtlesim:/opt/ros/humble LD_LIBRARY_PATH=/home/user/turtlebot3_ws/install/turtlebot3_msgs/lib:/home/user/turtlebot3_ws/install/dynamixel_sdk/lib:/home/user/ros2_ws/install/turtlesim/lib:/usr/lib/x86_64-linux-gnu/gazebo-11/plugins:/opt/ros/humble/opt/rviz_ogre_vendor/lib:/opt/ros/humble/lib/x86_64-linux-gnu:/opt/ros/humble/lib:/usr/lib/x86_64-linux-gnu/gazebo-11/plugins PYTHONPATH=/home/user/turtlebot3_ws/install/turtlebot3_msgs/local/lib/python3.10/dist-packages:${PYTHONPATH} /usr/bin/cmake /home/user/turtlebot3_ws/src/turtlebot3/turtlebot3_node -DAMENT_CMAKE_SYMLINK_INSTALL=1 -DCMAKE_INSTALL_PREFIX=/home/user/turtlebot3_ws/install/turtlebot3_node
[1.360s] Invoking command in '/home/user/turtlebot3_ws/build/turtlebot3_node': AMENT_PREFIX_PATH=/home/user/turtlebot3_ws/install/turtlebot3_msgs:/home/user/turtlebot3_ws/install/dynamixel_sdk:${AMENT_PREFIX_PATH} CMAKE_PREFIX_PATH=/home/user/turtlebot3_ws/install/turtlebot3_msgs:/home/user/turtlebot3_ws/install/dynamixel_sdk:/home/user/turtlebot3_ws/install/turtlebot3_simulations:/home/user/turtlebot3_ws/install/turtlebot3_gazebo:/home/user/turtlebot3_ws/install/turtlebot3_fake_node:/home/user/ros2_ws/install/turtlesim:/opt/ros/humble LD_LIBRARY_PATH=/home/user/turtlebot3_ws/install/turtlebot3_msgs/lib:/home/user/turtlebot3_ws/install/dynamixel_sdk/lib:/home/user/ros2_ws/install/turtlesim/lib:/usr/lib/x86_64-linux-gnu/gazebo-11/plugins:/opt/ros/humble/opt/rviz_ogre_vendor/lib:/opt/ros/humble/lib/x86_64-linux-gnu:/opt/ros/humble/lib:/usr/lib/x86_64-linux-gnu/gazebo-11/plugins PYTHONPATH=/home/user/turtlebot3_ws/install/turtlebot3_msgs/local/lib/python3.10/dist-packages:${PYTHONPATH} /usr/bin/cmake --build /home/user/turtlebot3_ws/build/turtlebot3_node -- -j16 -l16
[1.422s] [  7%] [32mBuilding CXX object CMakeFiles/turtlebot3_node_lib.dir/src/diff_drive_controller.cpp.o[0m
[1.422s] [ 14%] [32mBuilding CXX object CMakeFiles/turtlebot3_node_lib.dir/src/devices/reset.cpp.o[0m
[1.422s] [ 21%] [32mBuilding CXX object CMakeFiles/turtlebot3_node_lib.dir/src/dynamixel_sdk_wrapper.cpp.o[0m
[1.424s] [ 28%] [32mBuilding CXX object CMakeFiles/turtlebot3_node_lib.dir/src/devices/sound.cpp.o[0m
[1.424s] [ 35%] [32mBuilding CXX object CMakeFiles/turtlebot3_node_lib.dir/src/devices/motor_power.cpp.o[0m
[1.425s] [ 42%] [32mBuilding CXX object CMakeFiles/turtlebot3_node_lib.dir/src/sensors/battery_state.cpp.o[0m
[1.426s] [ 50%] [32mBuilding CXX object CMakeFiles/turtlebot3_node_lib.dir/src/sensors/sensor_state.cpp.o[0m
[1.426s] [ 57%] [32mBuilding CXX object CMakeFiles/turtlebot3_node_lib.dir/src/odometry.cpp.o[0m
[1.430s] [ 71%] [32mBuilding CXX object CMakeFiles/turtlebot3_node_lib.dir/src/turtlebot3.cpp.o[0m
[1.430s] [ 71%] [32mBuilding CXX object CMakeFiles/turtlebot3_node_lib.dir/src/sensors/imu.cpp.o[0m
[1.431s] [ 78%] [32mBuilding CXX object CMakeFiles/turtlebot3_node_lib.dir/src/sensors/joint_state.cpp.o[0m
[14.553s] [ 85%] [32m[1mLinking CXX static library libturtlebot3_node_lib.a[0m
[14.901s] [ 85%] Built target turtlebot3_node_lib
[14.921s] [ 92%] [32mBuilding CXX object CMakeFiles/turtlebot3_ros.dir/src/node_main.cpp.o[0m
[17.030s] [100%] [32m[1mLinking CXX executable turtlebot3_ros[0m
[18.190s] [100%] Built target turtlebot3_ros
[18.199s] Invoked command in '/home/user/turtlebot3_ws/build/turtlebot3_node' returned '0': AMENT_PREFIX_PATH=/home/user/turtlebot3_ws/install/turtlebot3_msgs:/home/user/turtlebot3_ws/install/dynamixel_sdk:${AMENT_PREFIX_PATH} CMAKE_PREFIX_PATH=/home/user/turtlebot3_ws/install/turtlebot3_msgs:/home/user/turtlebot3_ws/install/dynamixel_sdk:/home/user/turtlebot3_ws/install/turtlebot3_simulations:/home/user/turtlebot3_ws/install/turtlebot3_gazebo:/home/user/turtlebot3_ws/install/turtlebot3_fake_node:/home/user/ros2_ws/install/turtlesim:/opt/ros/humble LD_LIBRARY_PATH=/home/user/turtlebot3_ws/install/turtlebot3_msgs/lib:/home/user/turtlebot3_ws/install/dynamixel_sdk/lib:/home/user/ros2_ws/install/turtlesim/lib:/usr/lib/x86_64-linux-gnu/gazebo-11/plugins:/opt/ros/humble/opt/rviz_ogre_vendor/lib:/opt/ros/humble/lib/x86_64-linux-gnu:/opt/ros/humble/lib:/usr/lib/x86_64-linux-gnu/gazebo-11/plugins PYTHONPATH=/home/user/turtlebot3_ws/install/turtlebot3_msgs/local/lib/python3.10/dist-packages:${PYTHONPATH} /usr/bin/cmake --build /home/user/turtlebot3_ws/build/turtlebot3_node -- -j16 -l16
[18.268s] Invoking command in '/home/user/turtlebot3_ws/build/turtlebot3_node': AMENT_PREFIX_PATH=/home/user/turtlebot3_ws/install/turtlebot3_msgs:/home/user/turtlebot3_ws/install/dynamixel_sdk:${AMENT_PREFIX_PATH} CMAKE_PREFIX_PATH=/home/user/turtlebot3_ws/install/turtlebot3_msgs:/home/user/turtlebot3_ws/install/dynamixel_sdk:/home/user/turtlebot3_ws/install/turtlebot3_simulations:/home/user/turtlebot3_ws/install/turtlebot3_gazebo:/home/user/turtlebot3_ws/install/turtlebot3_fake_node:/home/user/ros2_ws/install/turtlesim:/opt/ros/humble LD_LIBRARY_PATH=/home/user/turtlebot3_ws/install/turtlebot3_msgs/lib:/home/user/turtlebot3_ws/install/dynamixel_sdk/lib:/home/user/ros2_ws/install/turtlesim/lib:/usr/lib/x86_64-linux-gnu/gazebo-11/plugins:/opt/ros/humble/opt/rviz_ogre_vendor/lib:/opt/ros/humble/lib/x86_64-linux-gnu:/opt/ros/humble/lib:/usr/lib/x86_64-linux-gnu/gazebo-11/plugins PYTHONPATH=/home/user/turtlebot3_ws/install/turtlebot3_msgs/local/lib/python3.10/dist-packages:${PYTHONPATH} /usr/bin/cmake --install /home/user/turtlebot3_ws/build/turtlebot3_node
[18.276s] -- Install configuration: ""
[18.276s] -- Execute custom install script
[18.277s] -- Symlinking: /home/user/turtlebot3_ws/install/turtlebot3_node/share/turtlebot3_node/param/burger.yaml
[18.285s] -- Symlinking: /home/user/turtlebot3_ws/install/turtlebot3_node/share/turtlebot3_node/param/waffle.yaml
[18.293s] -- Symlinking: /home/user/turtlebot3_ws/install/turtlebot3_node/share/turtlebot3_node/param/waffle_pi.yaml
[18.301s] -- Symlinking: /home/user/turtlebot3_ws/install/turtlebot3_node/lib/turtlebot3_node/turtlebot3_ros
[18.306s] -- Symlinking: /home/user/turtlebot3_ws/install/turtlebot3_node/share/ament_index/resource_index/package_run_dependencies/turtlebot3_node
[18.313s] -- Symlinking: /home/user/turtlebot3_ws/install/turtlebot3_node/share/ament_index/resource_index/parent_prefix_path/turtlebot3_node
[18.322s] -- Symlinking: /home/user/turtlebot3_ws/install/turtlebot3_node/share/turtlebot3_node/environment/ament_prefix_path.sh
[18.329s] -- Symlinking: /home/user/turtlebot3_ws/install/turtlebot3_node/share/turtlebot3_node/environment/ament_prefix_path.dsv
[18.336s] -- Symlinking: /home/user/turtlebot3_ws/install/turtlebot3_node/share/turtlebot3_node/environment/path.sh
[18.346s] -- Symlinking: /home/user/turtlebot3_ws/install/turtlebot3_node/share/turtlebot3_node/environment/path.dsv
[18.351s] -- Symlinking: /home/user/turtlebot3_ws/install/turtlebot3_node/share/turtlebot3_node/local_setup.bash
[18.357s] -- Symlinking: /home/user/turtlebot3_ws/install/turtlebot3_node/share/turtlebot3_node/local_setup.sh
[18.365s] -- Symlinking: /home/user/turtlebot3_ws/install/turtlebot3_node/share/turtlebot3_node/local_setup.zsh
[18.370s] -- Symlinking: /home/user/turtlebot3_ws/install/turtlebot3_node/share/turtlebot3_node/local_setup.dsv
[18.379s] -- Symlinking: /home/user/turtlebot3_ws/install/turtlebot3_node/share/turtlebot3_node/package.dsv
[18.387s] -- Symlinking: /home/user/turtlebot3_ws/install/turtlebot3_node/share/ament_index/resource_index/packages/turtlebot3_node
[18.396s] -- Symlinking: /home/user/turtlebot3_ws/install/turtlebot3_node/share/turtlebot3_node/cmake/ament_cmake_export_include_directories-extras.cmake
[18.404s] -- Symlinking: /home/user/turtlebot3_ws/install/turtlebot3_node/share/turtlebot3_node/cmake/turtlebot3_nodeConfig.cmake
[18.411s] -- Symlinking: /home/user/turtlebot3_ws/install/turtlebot3_node/share/turtlebot3_node/cmake/turtlebot3_nodeConfig-version.cmake
[18.417s] -- Symlinking: /home/user/turtlebot3_ws/install/turtlebot3_node/share/turtlebot3_node/package.xml
[18.425s] Invoked command in '/home/user/turtlebot3_ws/build/turtlebot3_node' returned '0': AMENT_PREFIX_PATH=/home/user/turtlebot3_ws/install/turtlebot3_msgs:/home/user/turtlebot3_ws/install/dynamixel_sdk:${AMENT_PREFIX_PATH} CMAKE_PREFIX_PATH=/home/user/turtlebot3_ws/install/turtlebot3_msgs:/home/user/turtlebot3_ws/install/dynamixel_sdk:/home/user/turtlebot3_ws/install/turtlebot3_simulations:/home/user/turtlebot3_ws/install/turtlebot3_gazebo:/home/user/turtlebot3_ws/install/turtlebot3_fake_node:/home/user/ros2_ws/install/turtlesim:/opt/ros/humble LD_LIBRARY_PATH=/home/user/turtlebot3_ws/install/turtlebot3_msgs/lib:/home/user/turtlebot3_ws/install/dynamixel_sdk/lib:/home/user/ros2_ws/install/turtlesim/lib:/usr/lib/x86_64-linux-gnu/gazebo-11/plugins:/opt/ros/humble/opt/rviz_ogre_vendor/lib:/opt/ros/humble/lib/x86_64-linux-gnu:/opt/ros/humble/lib:/usr/lib/x86_64-linux-gnu/gazebo-11/plugins PYTHONPATH=/home/user/turtlebot3_ws/install/turtlebot3_msgs/local/lib/python3.10/dist-packages:${PYTHONPATH} /usr/bin/cmake --install /home/user/turtlebot3_ws/build/turtlebot3_node
