[0.030s] Invoking command in '/home/user/turtlebot3_ws/build/turtlebot3_cartographer': CMAKE_PREFIX_PATH=${CMAKE_PREFIX_PATH}:/opt/ros/humble /usr/bin/cmake /home/user/turtlebot3_ws/src/turtlebot3/turtlebot3_cartographer -DAMENT_CMAKE_SYMLINK_INSTALL=1 -DCMAKE_INSTALL_PREFIX=/home/user/turtlebot3_ws/install/turtlebot3_cartographer
[0.088s] -- The C compiler identification is GNU 11.4.0
[0.151s] -- The CXX compiler identification is GNU 11.4.0
[0.162s] -- Detecting C compiler ABI info
[0.243s] -- Detecting C compiler ABI info - done
[0.251s] -- Check for working C compiler: /usr/bin/cc - skipped
[0.251s] -- Detecting C compile features
[0.252s] -- Detecting C compile features - done
[0.255s] -- Detecting CXX compiler ABI info
[0.357s] -- Detecting CXX compiler ABI info - done
[0.370s] -- Check for working CXX compiler: /usr/bin/c++ - skipped
[0.370s] -- Detecting CXX compile features
[0.371s] -- Detecting CXX compile features - done
[0.385s] -- Found ament_cmake: 1.3.10 (/opt/ros/humble/share/ament_cmake/cmake)
[0.580s] -- Found Python3: /usr/bin/python3 (found version "3.10.12") found components: Interpreter 
[0.654s] -- Override CMake install command with custom implementation using symlinks instead of copying resources
[0.749s] -- Configuring done
[0.751s] -- Generating done
[0.751s] -- Build files have been written to: /home/user/turtlebot3_ws/build/turtlebot3_cartographer
[0.755s] Invoked command in '/home/user/turtlebot3_ws/build/turtlebot3_cartographer' returned '0': CMAKE_PREFIX_PATH=${CMAKE_PREFIX_PATH}:/opt/ros/humble /usr/bin/cmake /home/user/turtlebot3_ws/src/turtlebot3/turtlebot3_cartographer -DAMENT_CMAKE_SYMLINK_INSTALL=1 -DCMAKE_INSTALL_PREFIX=/home/user/turtlebot3_ws/install/turtlebot3_cartographer
[0.758s] Invoking command in '/home/user/turtlebot3_ws/build/turtlebot3_cartographer': CMAKE_PREFIX_PATH=${CMAKE_PREFIX_PATH}:/opt/ros/humble /usr/bin/cmake --build /home/user/turtlebot3_ws/build/turtlebot3_cartographer -- -j16 -l16
[0.796s] Invoked command in '/home/user/turtlebot3_ws/build/turtlebot3_cartographer' returned '0': CMAKE_PREFIX_PATH=${CMAKE_PREFIX_PATH}:/opt/ros/humble /usr/bin/cmake --build /home/user/turtlebot3_ws/build/turtlebot3_cartographer -- -j16 -l16
[0.827s] Invoking command in '/home/user/turtlebot3_ws/build/turtlebot3_cartographer': CMAKE_PREFIX_PATH=${CMAKE_PREFIX_PATH}:/opt/ros/humble /usr/bin/cmake --install /home/user/turtlebot3_ws/build/turtlebot3_cartographer
[0.836s] -- Install configuration: ""
[0.837s] -- Execute custom install script
[0.838s] -- Symlinking: /home/user/turtlebot3_ws/install/turtlebot3_cartographer/share/turtlebot3_cartographer/config/turtlebot3_lds_2d.lua
[0.853s] -- Symlinking: /home/user/turtlebot3_ws/install/turtlebot3_cartographer/share/turtlebot3_cartographer/launch/cartographer.launch.py
[0.867s] -- Symlinking: /home/user/turtlebot3_ws/install/turtlebot3_cartographer/share/turtlebot3_cartographer/launch/occupancy_grid.launch.py
[0.881s] -- Symlinking: /home/user/turtlebot3_ws/install/turtlebot3_cartographer/share/turtlebot3_cartographer/rviz/tb3_cartographer.rviz
[0.896s] -- Symlinking: /home/user/turtlebot3_ws/install/turtlebot3_cartographer/share/ament_index/resource_index/package_run_dependencies/turtlebot3_cartographer
[0.911s] -- Symlinking: /home/user/turtlebot3_ws/install/turtlebot3_cartographer/share/ament_index/resource_index/parent_prefix_path/turtlebot3_cartographer
[0.925s] -- Symlinking: /home/user/turtlebot3_ws/install/turtlebot3_cartographer/share/turtlebot3_cartographer/environment/ament_prefix_path.sh
[0.939s] -- Symlinking: /home/user/turtlebot3_ws/install/turtlebot3_cartographer/share/turtlebot3_cartographer/environment/ament_prefix_path.dsv
[0.952s] -- Symlinking: /home/user/turtlebot3_ws/install/turtlebot3_cartographer/share/turtlebot3_cartographer/environment/path.sh
[0.967s] -- Symlinking: /home/user/turtlebot3_ws/install/turtlebot3_cartographer/share/turtlebot3_cartographer/environment/path.dsv
[0.978s] -- Symlinking: /home/user/turtlebot3_ws/install/turtlebot3_cartographer/share/turtlebot3_cartographer/local_setup.bash
[0.987s] -- Symlinking: /home/user/turtlebot3_ws/install/turtlebot3_cartographer/share/turtlebot3_cartographer/local_setup.sh
[1.000s] -- Symlinking: /home/user/turtlebot3_ws/install/turtlebot3_cartographer/share/turtlebot3_cartographer/local_setup.zsh
[1.016s] -- Symlinking: /home/user/turtlebot3_ws/install/turtlebot3_cartographer/share/turtlebot3_cartographer/local_setup.dsv
[1.026s] -- Symlinking: /home/user/turtlebot3_ws/install/turtlebot3_cartographer/share/turtlebot3_cartographer/package.dsv
[1.040s] -- Symlinking: /home/user/turtlebot3_ws/install/turtlebot3_cartographer/share/ament_index/resource_index/packages/turtlebot3_cartographer
[1.055s] -- Symlinking: /home/user/turtlebot3_ws/install/turtlebot3_cartographer/share/turtlebot3_cartographer/cmake/turtlebot3_cartographerConfig.cmake
[1.064s] -- Symlinking: /home/user/turtlebot3_ws/install/turtlebot3_cartographer/share/turtlebot3_cartographer/cmake/turtlebot3_cartographerConfig-version.cmake
[1.072s] -- Symlinking: /home/user/turtlebot3_ws/install/turtlebot3_cartographer/share/turtlebot3_cartographer/package.xml
[1.089s] Invoked command in '/home/user/turtlebot3_ws/build/turtlebot3_cartographer' returned '0': CMAKE_PREFIX_PATH=${CMAKE_PREFIX_PATH}:/opt/ros/humble /usr/bin/cmake --install /home/user/turtlebot3_ws/build/turtlebot3_cartographer
