[1.207s] Invoking command in '/home/user/turtlebot3_ws/build/follow_me': PYTHONPATH=/home/user/turtlebot3_ws/build/follow_me/prefix_override:/usr/lib/python3/dist-packages/colcon_core/task/python/colcon_distutils_commands:/home/user/turtlebot3_ws/install/follow_me/lib/python3.10/site-packages:${PYTHONPATH} /usr/bin/python3 -W ignore:setup.py install is deprecated setup.py develop --editable --build-directory /home/user/turtlebot3_ws/build/follow_me/build --no-deps symlink_data --force
[1.523s] running develop
[1.523s] /usr/lib/python3/dist-packages/setuptools/command/easy_install.py:158: EasyInstallDeprecationWarning: easy_install command is deprecated. Use build and pip and other standards-based tools.
[1.524s]   warnings.warn(
[1.714s] running egg_info
[1.714s] writing follow_me.egg-info/PKG-INFO
[1.715s] writing dependency_links to follow_me.egg-info/dependency_links.txt
[1.715s] writing entry points to follow_me.egg-info/entry_points.txt
[1.715s] writing requirements to follow_me.egg-info/requires.txt
[1.715s] writing top-level names to follow_me.egg-info/top_level.txt
[1.717s] reading manifest file 'follow_me.egg-info/SOURCES.txt'
[1.718s] writing manifest file 'follow_me.egg-info/SOURCES.txt'
[1.720s] running build_ext
[1.720s] Creating /home/user/turtlebot3_ws/install/follow_me/lib/python3.10/site-packages/follow-me.egg-link (link to .)
[1.721s] Installing follow_me script to /home/user/turtlebot3_ws/install/follow_me/lib/follow_me
[1.722s] 
[1.722s] Installed /home/user/turtlebot3_ws/build/follow_me
[1.722s] running symlink_data
[1.722s] symbolically linking /home/user/turtlebot3_ws/build/follow_me/resource/follow_me -> /home/user/turtlebot3_ws/install/follow_me/share/ament_index/resource_index/packages
[1.723s] symbolically linking /home/user/turtlebot3_ws/build/follow_me/package.xml -> /home/user/turtlebot3_ws/install/follow_me/share/follow_me
[1.761s] Invoked command in '/home/user/turtlebot3_ws/build/follow_me' returned '0': PYTHONPATH=/home/user/turtlebot3_ws/build/follow_me/prefix_override:/usr/lib/python3/dist-packages/colcon_core/task/python/colcon_distutils_commands:/home/user/turtlebot3_ws/install/follow_me/lib/python3.10/site-packages:${PYTHONPATH} /usr/bin/python3 -W ignore:setup.py install is deprecated setup.py develop --editable --build-directory /home/user/turtlebot3_ws/build/follow_me/build --no-deps symlink_data --force
