[1.327s] Invoking command in '/home/user/turtlebot3_ws/src/turtlebot3/turtlebot3_teleop': PYTHONPATH=/home/user/turtlebot3_ws/build/turtlebot3_teleop/prefix_override:/usr/lib/python3/dist-packages/colcon_core/task/python/colcon_distutils_commands:/home/user/turtlebot3_ws/install/turtlebot3_teleop/lib/python3.10/site-packages:${PYTHONPATH} /usr/bin/python3 -W ignore:setup.py install is deprecated setup.py egg_info --egg-base ../../../build/turtlebot3_teleop build --build-base /home/user/turtlebot3_ws/build/turtlebot3_teleop/build install --record /home/user/turtlebot3_ws/build/turtlebot3_teleop/install.log --single-version-externally-managed install_data
[1.643s] running egg_info
[1.644s] writing ../../../build/turtlebot3_teleop/turtlebot3_teleop.egg-info/PKG-INFO
[1.644s] writing dependency_links to ../../../build/turtlebot3_teleop/turtlebot3_teleop.egg-info/dependency_links.txt
[1.644s] writing entry points to ../../../build/turtlebot3_teleop/turtlebot3_teleop.egg-info/entry_points.txt
[1.644s] writing requirements to ../../../build/turtlebot3_teleop/turtlebot3_teleop.egg-info/requires.txt
[1.644s] writing top-level names to ../../../build/turtlebot3_teleop/turtlebot3_teleop.egg-info/top_level.txt
[1.647s] reading manifest file '../../../build/turtlebot3_teleop/turtlebot3_teleop.egg-info/SOURCES.txt'
[1.647s] writing manifest file '../../../build/turtlebot3_teleop/turtlebot3_teleop.egg-info/SOURCES.txt'
[1.647s] running build
[1.648s] running build_py
[1.648s] running install
[1.648s] running install_lib
[1.650s] running install_data
[1.650s] running install_egg_info
[1.652s] removing '/home/user/turtlebot3_ws/install/turtlebot3_teleop/lib/python3.10/site-packages/turtlebot3_teleop-2.1.5-py3.10.egg-info' (and everything under it)
[1.652s] Copying ../../../build/turtlebot3_teleop/turtlebot3_teleop.egg-info to /home/user/turtlebot3_ws/install/turtlebot3_teleop/lib/python3.10/site-packages/turtlebot3_teleop-2.1.5-py3.10.egg-info
[1.653s] running install_scripts
[1.678s] Installing teleop_keyboard script to /home/user/turtlebot3_ws/install/turtlebot3_teleop/lib/turtlebot3_teleop
[1.678s] writing list of installed files to '/home/user/turtlebot3_ws/build/turtlebot3_teleop/install.log'
[1.791s] Invoked command in '/home/user/turtlebot3_ws/src/turtlebot3/turtlebot3_teleop' returned '0': PYTHONPATH=/home/user/turtlebot3_ws/build/turtlebot3_teleop/prefix_override:/usr/lib/python3/dist-packages/colcon_core/task/python/colcon_distutils_commands:/home/user/turtlebot3_ws/install/turtlebot3_teleop/lib/python3.10/site-packages:${PYTHONPATH} /usr/bin/python3 -W ignore:setup.py install is deprecated setup.py egg_info --egg-base ../../../build/turtlebot3_teleop build --build-base /home/user/turtlebot3_ws/build/turtlebot3_teleop/build install --record /home/user/turtlebot3_ws/build/turtlebot3_teleop/install.log --single-version-externally-managed install_data
