[2.064s] Invoking command in '/home/user/turtlebot3_ws/src/follow_me': PYTHONPATH=/home/user/turtlebot3_ws/build/follow_me/prefix_override:/usr/lib/python3/dist-packages/colcon_core/task/python/colcon_distutils_commands:/home/user/turtlebot3_ws/install/follow_me/lib/python3.10/site-packages:${PYTHONPATH} /usr/bin/python3 -W ignore:setup.py install is deprecated setup.py egg_info --egg-base ../../build/follow_me build --build-base /home/user/turtlebot3_ws/build/follow_me/build install --record /home/user/turtlebot3_ws/build/follow_me/install.log --single-version-externally-managed install_data
[2.505s] running egg_info
[2.506s] creating ../../build/follow_me/follow_me.egg-info
[2.506s] writing ../../build/follow_me/follow_me.egg-info/PKG-INFO
[2.507s] writing dependency_links to ../../build/follow_me/follow_me.egg-info/dependency_links.txt
[2.507s] writing entry points to ../../build/follow_me/follow_me.egg-info/entry_points.txt
[2.507s] writing requirements to ../../build/follow_me/follow_me.egg-info/requires.txt
[2.507s] writing top-level names to ../../build/follow_me/follow_me.egg-info/top_level.txt
[2.507s] writing manifest file '../../build/follow_me/follow_me.egg-info/SOURCES.txt'
[2.508s] reading manifest file '../../build/follow_me/follow_me.egg-info/SOURCES.txt'
[2.508s] adding license file 'LICENSE'
[2.509s] writing manifest file '../../build/follow_me/follow_me.egg-info/SOURCES.txt'
[2.509s] running build
[2.509s] running build_py
[2.509s] creating /home/user/turtlebot3_ws/build/follow_me/build
[2.509s] creating /home/user/turtlebot3_ws/build/follow_me/build/lib
[2.509s] creating /home/user/turtlebot3_ws/build/follow_me/build/lib/follow_me
[2.510s] copying follow_me/follow_me.py -> /home/user/turtlebot3_ws/build/follow_me/build/lib/follow_me
[2.510s] copying follow_me/__init__.py -> /home/user/turtlebot3_ws/build/follow_me/build/lib/follow_me
[2.510s] running install
[2.510s] running install_lib
[2.511s] creating /home/user/turtlebot3_ws/install/follow_me/lib/python3.10/site-packages/follow_me
[2.511s] copying /home/user/turtlebot3_ws/build/follow_me/build/lib/follow_me/follow_me.py -> /home/user/turtlebot3_ws/install/follow_me/lib/python3.10/site-packages/follow_me
[2.512s] copying /home/user/turtlebot3_ws/build/follow_me/build/lib/follow_me/__init__.py -> /home/user/turtlebot3_ws/install/follow_me/lib/python3.10/site-packages/follow_me
[2.512s] byte-compiling /home/user/turtlebot3_ws/install/follow_me/lib/python3.10/site-packages/follow_me/follow_me.py to follow_me.cpython-310.pyc
[2.512s] byte-compiling /home/user/turtlebot3_ws/install/follow_me/lib/python3.10/site-packages/follow_me/__init__.py to __init__.cpython-310.pyc
[2.512s] running install_data
[2.512s] creating /home/user/turtlebot3_ws/install/follow_me/share/ament_index
[2.512s] creating /home/user/turtlebot3_ws/install/follow_me/share/ament_index/resource_index
[2.513s] creating /home/user/turtlebot3_ws/install/follow_me/share/ament_index/resource_index/packages
[2.513s] copying resource/follow_me -> /home/user/turtlebot3_ws/install/follow_me/share/ament_index/resource_index/packages
[2.513s] copying package.xml -> /home/user/turtlebot3_ws/install/follow_me/share/follow_me
[2.513s] running install_egg_info
[2.517s] Copying ../../build/follow_me/follow_me.egg-info to /home/user/turtlebot3_ws/install/follow_me/lib/python3.10/site-packages/follow_me-0.0.0-py3.10.egg-info
[2.518s] running install_scripts
[2.549s] Installing follow_me script to /home/user/turtlebot3_ws/install/follow_me/lib/follow_me
[2.550s] writing list of installed files to '/home/user/turtlebot3_ws/build/follow_me/install.log'
[2.589s] Invoked command in '/home/user/turtlebot3_ws/src/follow_me' returned '0': PYTHONPATH=/home/user/turtlebot3_ws/build/follow_me/prefix_override:/usr/lib/python3/dist-packages/colcon_core/task/python/colcon_distutils_commands:/home/user/turtlebot3_ws/install/follow_me/lib/python3.10/site-packages:${PYTHONPATH} /usr/bin/python3 -W ignore:setup.py install is deprecated setup.py egg_info --egg-base ../../build/follow_me build --build-base /home/user/turtlebot3_ws/build/follow_me/build install --record /home/user/turtlebot3_ws/build/follow_me/install.log --single-version-externally-managed install_data
