[0.565s] Invoking command in '/home/user/turtlebot3_ws/build/turtlebot3_example': AMENT_PREFIX_PATH=/home/user/turtlebot3_ws/install/turtlebot3_msgs:${AMENT_PREFIX_PATH} CMAKE_PREFIX_PATH=/home/user/turtlebot3_ws/install/turtlebot3_msgs:${CMAKE_PREFIX_PATH} LD_LIBRARY_PATH=/home/user/turtlebot3_ws/install/turtlebot3_msgs/lib:/home/user/ros2_ws/install/turtlesim/lib:/usr/lib/x86_64-linux-gnu/gazebo-11/plugins:/opt/ros/humble/opt/rviz_ogre_vendor/lib:/opt/ros/humble/lib/x86_64-linux-gnu:/opt/ros/humble/lib:/usr/lib/x86_64-linux-gnu/gazebo-11/plugins PYTHONPATH=/home/user/turtlebot3_ws/build/turtlebot3_example/prefix_override:/usr/lib/python3/dist-packages/colcon_core/task/python/colcon_distutils_commands:/home/user/turtlebot3_ws/install/turtlebot3_example/lib/python3.10/site-packages:/home/user/turtlebot3_ws/install/turtlebot3_msgs/local/lib/python3.10/dist-packages:${PYTHONPATH} /usr/bin/python3 -W ignore:setup.py install is deprecated setup.py develop --editable --build-directory /home/user/turtlebot3_ws/build/turtlebot3_example/build --no-deps symlink_data
[0.749s] running develop
[0.749s] /usr/lib/python3/dist-packages/setuptools/command/easy_install.py:158: EasyInstallDeprecationWarning: easy_install command is deprecated. Use build and pip and other standards-based tools.
[0.749s]   warnings.warn(
[0.864s] running egg_info
[0.864s] creating turtlebot3_example.egg-info
[0.864s] writing turtlebot3_example.egg-info/PKG-INFO
[0.865s] writing dependency_links to turtlebot3_example.egg-info/dependency_links.txt
[0.865s] writing entry points to turtlebot3_example.egg-info/entry_points.txt
[0.865s] writing requirements to turtlebot3_example.egg-info/requires.txt
[0.865s] writing top-level names to turtlebot3_example.egg-info/top_level.txt
[0.865s] writing manifest file 'turtlebot3_example.egg-info/SOURCES.txt'
[0.866s] reading manifest file 'turtlebot3_example.egg-info/SOURCES.txt'
[0.867s] writing manifest file 'turtlebot3_example.egg-info/SOURCES.txt'
[0.868s] running build_ext
[0.868s] Creating /home/user/turtlebot3_ws/install/turtlebot3_example/lib/python3.10/site-packages/turtlebot3-example.egg-link (link to .)
[0.869s] Installing turtlebot3_obstacle_detection script to /home/user/turtlebot3_ws/install/turtlebot3_example/lib/turtlebot3_example
[0.869s] Installing turtlebot3_patrol_client script to /home/user/turtlebot3_ws/install/turtlebot3_example/lib/turtlebot3_example
[0.869s] Installing turtlebot3_patrol_server script to /home/user/turtlebot3_ws/install/turtlebot3_example/lib/turtlebot3_example
[0.869s] Installing turtlebot3_position_control script to /home/user/turtlebot3_ws/install/turtlebot3_example/lib/turtlebot3_example
[0.869s] 
[0.869s] Installed /home/user/turtlebot3_ws/build/turtlebot3_example
[0.870s] running symlink_data
[0.870s] creating /home/user/turtlebot3_ws/install/turtlebot3_example/share/ament_index
[0.870s] creating /home/user/turtlebot3_ws/install/turtlebot3_example/share/ament_index/resource_index
[0.870s] creating /home/user/turtlebot3_ws/install/turtlebot3_example/share/ament_index/resource_index/packages
[0.870s] symbolically linking /home/user/turtlebot3_ws/build/turtlebot3_example/resource/turtlebot3_example -> /home/user/turtlebot3_ws/install/turtlebot3_example/share/ament_index/resource_index/packages
[0.870s] symbolically linking /home/user/turtlebot3_ws/build/turtlebot3_example/package.xml -> /home/user/turtlebot3_ws/install/turtlebot3_example/share/turtlebot3_example
[0.894s] Invoked command in '/home/user/turtlebot3_ws/build/turtlebot3_example' returned '0': AMENT_PREFIX_PATH=/home/user/turtlebot3_ws/install/turtlebot3_msgs:${AMENT_PREFIX_PATH} CMAKE_PREFIX_PATH=/home/user/turtlebot3_ws/install/turtlebot3_msgs:${CMAKE_PREFIX_PATH} LD_LIBRARY_PATH=/home/user/turtlebot3_ws/install/turtlebot3_msgs/lib:/home/user/ros2_ws/install/turtlesim/lib:/usr/lib/x86_64-linux-gnu/gazebo-11/plugins:/opt/ros/humble/opt/rviz_ogre_vendor/lib:/opt/ros/humble/lib/x86_64-linux-gnu:/opt/ros/humble/lib:/usr/lib/x86_64-linux-gnu/gazebo-11/plugins PYTHONPATH=/home/user/turtlebot3_ws/build/turtlebot3_example/prefix_override:/usr/lib/python3/dist-packages/colcon_core/task/python/colcon_distutils_commands:/home/user/turtlebot3_ws/install/turtlebot3_example/lib/python3.10/site-packages:/home/user/turtlebot3_ws/install/turtlebot3_msgs/local/lib/python3.10/dist-packages:${PYTHONPATH} /usr/bin/python3 -W ignore:setup.py install is deprecated setup.py develop --editable --build-directory /home/user/turtlebot3_ws/build/turtlebot3_example/build --no-deps symlink_data
