[2.067s] Invoking command in '/home/user/turtlebot3_ws/build/turtlebot3_teleop': PYTHONPATH=/home/user/turtlebot3_ws/build/turtlebot3_teleop/prefix_override:/usr/lib/python3/dist-packages/colcon_core/task/python/colcon_distutils_commands:/home/user/turtlebot3_ws/install/turtlebot3_teleop/lib/python3.10/site-packages:${PYTHONPATH} /usr/bin/python3 -W ignore:setup.py install is deprecated setup.py develop --uninstall --editable --build-directory /home/user/turtlebot3_ws/build/turtlebot3_teleop/build
[2.481s] running develop
[2.661s] /usr/lib/python3/dist-packages/setuptools/command/easy_install.py:158: EasyInstallDeprecationWarning: easy_install command is deprecated. Use build and pip and other standards-based tools.
[2.661s]   warnings.warn(
[2.878s] Removing /home/user/turtlebot3_ws/install/turtlebot3_teleop/lib/python3.10/site-packages/turtlebot3-teleop.egg-link (link to .)
[2.927s] Invoked command in '/home/user/turtlebot3_ws/build/turtlebot3_teleop' returned '0': PYTHONPATH=/home/user/turtlebot3_ws/build/turtlebot3_teleop/prefix_override:/usr/lib/python3/dist-packages/colcon_core/task/python/colcon_distutils_commands:/home/user/turtlebot3_ws/install/turtlebot3_teleop/lib/python3.10/site-packages:${PYTHONPATH} /usr/bin/python3 -W ignore:setup.py install is deprecated setup.py develop --uninstall --editable --build-directory /home/user/turtlebot3_ws/build/turtlebot3_teleop/build
[2.931s] Invoking command in '/home/user/turtlebot3_ws/src/turtlebot3/turtlebot3_teleop': PYTHONPATH=/home/user/turtlebot3_ws/build/turtlebot3_teleop/prefix_override:/usr/lib/python3/dist-packages/colcon_core/task/python/colcon_distutils_commands:/home/user/turtlebot3_ws/install/turtlebot3_teleop/lib/python3.10/site-packages:${PYTHONPATH} /usr/bin/python3 -W ignore:setup.py install is deprecated setup.py egg_info --egg-base ../../../build/turtlebot3_teleop build --build-base /home/user/turtlebot3_ws/build/turtlebot3_teleop/build install --record /home/user/turtlebot3_ws/build/turtlebot3_teleop/install.log --single-version-externally-managed install_data --force
[3.371s] running egg_info
[3.372s] writing ../../../build/turtlebot3_teleop/turtlebot3_teleop.egg-info/PKG-INFO
[3.372s] writing dependency_links to ../../../build/turtlebot3_teleop/turtlebot3_teleop.egg-info/dependency_links.txt
[3.372s] writing entry points to ../../../build/turtlebot3_teleop/turtlebot3_teleop.egg-info/entry_points.txt
[3.373s] writing requirements to ../../../build/turtlebot3_teleop/turtlebot3_teleop.egg-info/requires.txt
[3.373s] writing top-level names to ../../../build/turtlebot3_teleop/turtlebot3_teleop.egg-info/top_level.txt
[3.375s] reading manifest file '../../../build/turtlebot3_teleop/turtlebot3_teleop.egg-info/SOURCES.txt'
[3.376s] writing manifest file '../../../build/turtlebot3_teleop/turtlebot3_teleop.egg-info/SOURCES.txt'
[3.376s] running build
[3.376s] running build_py
[3.377s] creating /home/user/turtlebot3_ws/build/turtlebot3_teleop/build
[3.377s] creating /home/user/turtlebot3_ws/build/turtlebot3_teleop/build/lib
[3.377s] creating /home/user/turtlebot3_ws/build/turtlebot3_teleop/build/lib/turtlebot3_teleop
[3.378s] copying turtlebot3_teleop/__init__.py -> /home/user/turtlebot3_ws/build/turtlebot3_teleop/build/lib/turtlebot3_teleop
[3.378s] creating /home/user/turtlebot3_ws/build/turtlebot3_teleop/build/lib/turtlebot3_teleop/script
[3.378s] copying turtlebot3_teleop/script/teleop_keyboard.py -> /home/user/turtlebot3_ws/build/turtlebot3_teleop/build/lib/turtlebot3_teleop/script
[3.378s] copying turtlebot3_teleop/script/__init__.py -> /home/user/turtlebot3_ws/build/turtlebot3_teleop/build/lib/turtlebot3_teleop/script
[3.378s] running install
[3.379s] running install_lib
[3.379s] creating /home/user/turtlebot3_ws/install/turtlebot3_teleop/lib/python3.10/site-packages/turtlebot3_teleop
[3.380s] creating /home/user/turtlebot3_ws/install/turtlebot3_teleop/lib/python3.10/site-packages/turtlebot3_teleop/script
[3.380s] copying /home/user/turtlebot3_ws/build/turtlebot3_teleop/build/lib/turtlebot3_teleop/script/teleop_keyboard.py -> /home/user/turtlebot3_ws/install/turtlebot3_teleop/lib/python3.10/site-packages/turtlebot3_teleop/script
[3.380s] copying /home/user/turtlebot3_ws/build/turtlebot3_teleop/build/lib/turtlebot3_teleop/script/__init__.py -> /home/user/turtlebot3_ws/install/turtlebot3_teleop/lib/python3.10/site-packages/turtlebot3_teleop/script
[3.380s] copying /home/user/turtlebot3_ws/build/turtlebot3_teleop/build/lib/turtlebot3_teleop/__init__.py -> /home/user/turtlebot3_ws/install/turtlebot3_teleop/lib/python3.10/site-packages/turtlebot3_teleop
[3.381s] byte-compiling /home/user/turtlebot3_ws/install/turtlebot3_teleop/lib/python3.10/site-packages/turtlebot3_teleop/script/teleop_keyboard.py to teleop_keyboard.cpython-310.pyc
[3.382s] byte-compiling /home/user/turtlebot3_ws/install/turtlebot3_teleop/lib/python3.10/site-packages/turtlebot3_teleop/script/__init__.py to __init__.cpython-310.pyc
[3.383s] byte-compiling /home/user/turtlebot3_ws/install/turtlebot3_teleop/lib/python3.10/site-packages/turtlebot3_teleop/__init__.py to __init__.cpython-310.pyc
[3.383s] running install_data
[3.383s] copying resource/turtlebot3_teleop -> /home/user/turtlebot3_ws/install/turtlebot3_teleop/share/ament_index/resource_index/packages
[3.384s] copying package.xml -> /home/user/turtlebot3_ws/install/turtlebot3_teleop/share/turtlebot3_teleop
[3.384s] running install_egg_info
[3.386s] Copying ../../../build/turtlebot3_teleop/turtlebot3_teleop.egg-info to /home/user/turtlebot3_ws/install/turtlebot3_teleop/lib/python3.10/site-packages/turtlebot3_teleop-2.1.5-py3.10.egg-info
[3.387s] running install_scripts
[3.416s] Installing teleop_keyboard script to /home/user/turtlebot3_ws/install/turtlebot3_teleop/lib/turtlebot3_teleop
[3.416s] writing list of installed files to '/home/user/turtlebot3_ws/build/turtlebot3_teleop/install.log'
[3.464s] Invoked command in '/home/user/turtlebot3_ws/src/turtlebot3/turtlebot3_teleop' returned '0': PYTHONPATH=/home/user/turtlebot3_ws/build/turtlebot3_teleop/prefix_override:/usr/lib/python3/dist-packages/colcon_core/task/python/colcon_distutils_commands:/home/user/turtlebot3_ws/install/turtlebot3_teleop/lib/python3.10/site-packages:${PYTHONPATH} /usr/bin/python3 -W ignore:setup.py install is deprecated setup.py egg_info --egg-base ../../../build/turtlebot3_teleop build --build-base /home/user/turtlebot3_ws/build/turtlebot3_teleop/build install --record /home/user/turtlebot3_ws/build/turtlebot3_teleop/install.log --single-version-externally-managed install_data --force
