[0.046s] Invoking command in '/home/user/turtlebot3_ws/src/build/turtlebot3_navigation2': CMAKE_PREFIX_PATH=${CMAKE_PREFIX_PATH}:/home/user/turtlebot3_ws/install/follow_me:/home/user/turtlebot3_ws/install/turtlebot3_teleop:/home/user/turtlebot3_ws/install/turtlebot3_example:/opt/ros/humble /usr/bin/cmake /home/user/turtlebot3_ws/src/turtlebot3/turtlebot3_navigation2 -DAMENT_CMAKE_SYMLINK_INSTALL=1 -DCMAKE_INSTALL_PREFIX=/home/user/turtlebot3_ws/src/install/turtlebot3_navigation2
[0.402s] -- The C compiler identification is GNU 11.4.0
[0.811s] -- The CXX compiler identification is GNU 11.4.0
[0.822s] -- Detecting C compiler ABI info
[0.915s] -- Detecting C compiler ABI info - done
[0.925s] -- Check for working C compiler: /usr/bin/cc - skipped
[0.927s] -- Detecting C compile features
[0.929s] -- Detecting C compile features - done
[0.936s] -- Detecting CXX compiler ABI info
[1.081s] -- Detecting CXX compiler ABI info - done
[1.097s] -- Check for working CXX compiler: /usr/bin/c++ - skipped
[1.098s] -- Detecting CXX compile features
[1.098s] -- Detecting CXX compile features - done
[1.106s] -- Found ament_cmake: 1.3.10 (/opt/ros/humble/share/ament_cmake/cmake)
[1.350s] -- Found Python3: /usr/bin/python3 (found version "3.10.12") found components: Interpreter 
[1.481s] -- Override CMake install command with custom implementation using symlinks instead of copying resources
[1.715s] -- Configuring done
[1.720s] -- Generating done
[1.720s] -- Build files have been written to: /home/user/turtlebot3_ws/src/build/turtlebot3_navigation2
[1.724s] Invoked command in '/home/user/turtlebot3_ws/src/build/turtlebot3_navigation2' returned '0': CMAKE_PREFIX_PATH=${CMAKE_PREFIX_PATH}:/home/user/turtlebot3_ws/install/follow_me:/home/user/turtlebot3_ws/install/turtlebot3_teleop:/home/user/turtlebot3_ws/install/turtlebot3_example:/opt/ros/humble /usr/bin/cmake /home/user/turtlebot3_ws/src/turtlebot3/turtlebot3_navigation2 -DAMENT_CMAKE_SYMLINK_INSTALL=1 -DCMAKE_INSTALL_PREFIX=/home/user/turtlebot3_ws/src/install/turtlebot3_navigation2
[1.728s] Invoking command in '/home/user/turtlebot3_ws/src/build/turtlebot3_navigation2': CMAKE_PREFIX_PATH=${CMAKE_PREFIX_PATH}:/home/user/turtlebot3_ws/install/follow_me:/home/user/turtlebot3_ws/install/turtlebot3_teleop:/home/user/turtlebot3_ws/install/turtlebot3_example:/opt/ros/humble /usr/bin/cmake --build /home/user/turtlebot3_ws/src/build/turtlebot3_navigation2 -- -j16 -l16
[1.776s] Invoked command in '/home/user/turtlebot3_ws/src/build/turtlebot3_navigation2' returned '0': CMAKE_PREFIX_PATH=${CMAKE_PREFIX_PATH}:/home/user/turtlebot3_ws/install/follow_me:/home/user/turtlebot3_ws/install/turtlebot3_teleop:/home/user/turtlebot3_ws/install/turtlebot3_example:/opt/ros/humble /usr/bin/cmake --build /home/user/turtlebot3_ws/src/build/turtlebot3_navigation2 -- -j16 -l16
[1.816s] Invoking command in '/home/user/turtlebot3_ws/src/build/turtlebot3_navigation2': CMAKE_PREFIX_PATH=${CMAKE_PREFIX_PATH}:/home/user/turtlebot3_ws/install/follow_me:/home/user/turtlebot3_ws/install/turtlebot3_teleop:/home/user/turtlebot3_ws/install/turtlebot3_example:/opt/ros/humble /usr/bin/cmake --install /home/user/turtlebot3_ws/src/build/turtlebot3_navigation2
[1.829s] -- Install configuration: ""
[1.830s] -- Execute custom install script
[1.830s] -- Symlinking: /home/user/turtlebot3_ws/src/install/turtlebot3_navigation2/share/turtlebot3_navigation2/launch/navigation2.launch.py
[1.841s] -- Symlinking: /home/user/turtlebot3_ws/src/install/turtlebot3_navigation2/share/turtlebot3_navigation2/map/map.pgm
[1.857s] -- Symlinking: /home/user/turtlebot3_ws/src/install/turtlebot3_navigation2/share/turtlebot3_navigation2/map/map.yaml
[1.867s] -- Symlinking: /home/user/turtlebot3_ws/src/install/turtlebot3_navigation2/share/turtlebot3_navigation2/param/burger.yaml
[1.883s] -- Symlinking: /home/user/turtlebot3_ws/src/install/turtlebot3_navigation2/share/turtlebot3_navigation2/param/waffle.yaml
[1.895s] -- Symlinking: /home/user/turtlebot3_ws/src/install/turtlebot3_navigation2/share/turtlebot3_navigation2/param/waffle_pi.yaml
[1.908s] -- Symlinking: /home/user/turtlebot3_ws/src/install/turtlebot3_navigation2/share/turtlebot3_navigation2/rviz/tb3_navigation2.rviz
[1.923s] -- Symlinking: /home/user/turtlebot3_ws/src/install/turtlebot3_navigation2/share/ament_index/resource_index/package_run_dependencies/turtlebot3_navigation2
[1.939s] -- Symlinking: /home/user/turtlebot3_ws/src/install/turtlebot3_navigation2/share/ament_index/resource_index/parent_prefix_path/turtlebot3_navigation2
[1.950s] -- Symlinking: /home/user/turtlebot3_ws/src/install/turtlebot3_navigation2/share/turtlebot3_navigation2/environment/ament_prefix_path.sh
[1.961s] -- Symlinking: /home/user/turtlebot3_ws/src/install/turtlebot3_navigation2/share/turtlebot3_navigation2/environment/ament_prefix_path.dsv
[1.977s] -- Symlinking: /home/user/turtlebot3_ws/src/install/turtlebot3_navigation2/share/turtlebot3_navigation2/environment/path.sh
[1.988s] -- Symlinking: /home/user/turtlebot3_ws/src/install/turtlebot3_navigation2/share/turtlebot3_navigation2/environment/path.dsv
[2.001s] -- Symlinking: /home/user/turtlebot3_ws/src/install/turtlebot3_navigation2/share/turtlebot3_navigation2/local_setup.bash
[2.015s] -- Symlinking: /home/user/turtlebot3_ws/src/install/turtlebot3_navigation2/share/turtlebot3_navigation2/local_setup.sh
[2.120s] -- Symlinking: /home/user/turtlebot3_ws/src/install/turtlebot3_navigation2/share/turtlebot3_navigation2/local_setup.zsh
[2.132s] -- Symlinking: /home/user/turtlebot3_ws/src/install/turtlebot3_navigation2/share/turtlebot3_navigation2/local_setup.dsv
[2.144s] -- Symlinking: /home/user/turtlebot3_ws/src/install/turtlebot3_navigation2/share/turtlebot3_navigation2/package.dsv
[2.155s] -- Symlinking: /home/user/turtlebot3_ws/src/install/turtlebot3_navigation2/share/ament_index/resource_index/packages/turtlebot3_navigation2
[2.169s] -- Symlinking: /home/user/turtlebot3_ws/src/install/turtlebot3_navigation2/share/turtlebot3_navigation2/cmake/turtlebot3_navigation2Config.cmake
[2.180s] -- Symlinking: /home/user/turtlebot3_ws/src/install/turtlebot3_navigation2/share/turtlebot3_navigation2/cmake/turtlebot3_navigation2Config-version.cmake
[2.195s] -- Symlinking: /home/user/turtlebot3_ws/src/install/turtlebot3_navigation2/share/turtlebot3_navigation2/package.xml
[2.215s] Invoked command in '/home/user/turtlebot3_ws/src/build/turtlebot3_navigation2' returned '0': CMAKE_PREFIX_PATH=${CMAKE_PREFIX_PATH}:/home/user/turtlebot3_ws/install/follow_me:/home/user/turtlebot3_ws/install/turtlebot3_teleop:/home/user/turtlebot3_ws/install/turtlebot3_example:/opt/ros/humble /usr/bin/cmake --install /home/user/turtlebot3_ws/src/build/turtlebot3_navigation2
