[0.906s] Invoking command in '/home/user/turtlebot3_ws/build/turtlebot3_example': CMAKE_PREFIX_PATH=/home/user/turtlebot3_ws/install/turtlebot3_msgs:/home/user/turtlebot3_ws/install/turtlebot3:/home/user/turtlebot3_ws/install/turtlebot3_simulations:/home/user/turtlebot3_ws/install/turtlebot3_bringup:/home/user/turtlebot3_ws/install/turtlebot3_node:/home/user/turtlebot3_ws/install/turtlebot3_navigation2:/home/user/turtlebot3_ws/install/turtlebot3_fake_node:/home/user/turtlebot3_ws/install/turtlebot3_gazebo:/home/user/turtlebot3_ws/install/turtlebot3_description:/home/user/turtlebot3_ws/install/turtlebot3_cartographer:/home/user/turtlebot3_ws/install/dynamixel_sdk_examples:/home/user/turtlebot3_ws/install/dynamixel_sdk_custom_interfaces:/home/user/turtlebot3_ws/install/dynamixel_sdk:/home/user/ros2_ws/install/turtlesim LD_LIBRARY_PATH=/home/user/turtlebot3_ws/install/turtlebot3_msgs/lib:/home/user/turtlebot3_ws/install/dynamixel_sdk_custom_interfaces/lib:/home/user/turtlebot3_ws/install/dynamixel_sdk/lib:/home/user/ros2_ws/install/turtlesim/lib:/usr/lib/x86_64-linux-gnu/gazebo-11/plugins:/opt/ros/humble/opt/rviz_ogre_vendor/lib:/opt/ros/humble/lib/x86_64-linux-gnu:/opt/ros/humble/lib:/usr/lib/x86_64-linux-gnu/gazebo-11/plugins:/usr/lib/x86_64-linux-gnu/gazebo-11/plugins:/usr/lib/x86_64-linux-gnu/gazebo-11/plugins PYTHONPATH=/home/user/turtlebot3_ws/build/turtlebot3_example/prefix_override:/usr/lib/python3/dist-packages/colcon_core/task/python/colcon_distutils_commands:/home/user/turtlebot3_ws/install/turtlebot3_example/lib/python3.10/site-packages:${PYTHONPATH} /usr/bin/python3 -W ignore:setup.py install is deprecated setup.py develop --uninstall --editable --build-directory /home/user/turtlebot3_ws/build/turtlebot3_example/build
[1.317s] running develop
[1.317s] /usr/lib/python3/dist-packages/setuptools/command/easy_install.py:158: EasyInstallDeprecationWarning: easy_install command is deprecated. Use build and pip and other standards-based tools.
[1.317s]   warnings.warn(
[1.530s] Removing /home/user/turtlebot3_ws/install/turtlebot3_example/lib/python3.10/site-packages/turtlebot3-example.egg-link (link to .)
[1.574s] Invoked command in '/home/user/turtlebot3_ws/build/turtlebot3_example' returned '0': CMAKE_PREFIX_PATH=/home/user/turtlebot3_ws/install/turtlebot3_msgs:/home/user/turtlebot3_ws/install/turtlebot3:/home/user/turtlebot3_ws/install/turtlebot3_simulations:/home/user/turtlebot3_ws/install/turtlebot3_bringup:/home/user/turtlebot3_ws/install/turtlebot3_node:/home/user/turtlebot3_ws/install/turtlebot3_navigation2:/home/user/turtlebot3_ws/install/turtlebot3_fake_node:/home/user/turtlebot3_ws/install/turtlebot3_gazebo:/home/user/turtlebot3_ws/install/turtlebot3_description:/home/user/turtlebot3_ws/install/turtlebot3_cartographer:/home/user/turtlebot3_ws/install/dynamixel_sdk_examples:/home/user/turtlebot3_ws/install/dynamixel_sdk_custom_interfaces:/home/user/turtlebot3_ws/install/dynamixel_sdk:/home/user/ros2_ws/install/turtlesim LD_LIBRARY_PATH=/home/user/turtlebot3_ws/install/turtlebot3_msgs/lib:/home/user/turtlebot3_ws/install/dynamixel_sdk_custom_interfaces/lib:/home/user/turtlebot3_ws/install/dynamixel_sdk/lib:/home/user/ros2_ws/install/turtlesim/lib:/usr/lib/x86_64-linux-gnu/gazebo-11/plugins:/opt/ros/humble/opt/rviz_ogre_vendor/lib:/opt/ros/humble/lib/x86_64-linux-gnu:/opt/ros/humble/lib:/usr/lib/x86_64-linux-gnu/gazebo-11/plugins:/usr/lib/x86_64-linux-gnu/gazebo-11/plugins:/usr/lib/x86_64-linux-gnu/gazebo-11/plugins PYTHONPATH=/home/user/turtlebot3_ws/build/turtlebot3_example/prefix_override:/usr/lib/python3/dist-packages/colcon_core/task/python/colcon_distutils_commands:/home/user/turtlebot3_ws/install/turtlebot3_example/lib/python3.10/site-packages:${PYTHONPATH} /usr/bin/python3 -W ignore:setup.py install is deprecated setup.py develop --uninstall --editable --build-directory /home/user/turtlebot3_ws/build/turtlebot3_example/build
[1.577s] Invoking command in '/home/user/turtlebot3_ws/src/turtlebot3/turtlebot3_example': CMAKE_PREFIX_PATH=/home/user/turtlebot3_ws/install/turtlebot3_msgs:/home/user/turtlebot3_ws/install/turtlebot3:/home/user/turtlebot3_ws/install/turtlebot3_simulations:/home/user/turtlebot3_ws/install/turtlebot3_bringup:/home/user/turtlebot3_ws/install/turtlebot3_node:/home/user/turtlebot3_ws/install/turtlebot3_navigation2:/home/user/turtlebot3_ws/install/turtlebot3_fake_node:/home/user/turtlebot3_ws/install/turtlebot3_gazebo:/home/user/turtlebot3_ws/install/turtlebot3_description:/home/user/turtlebot3_ws/install/turtlebot3_cartographer:/home/user/turtlebot3_ws/install/dynamixel_sdk_examples:/home/user/turtlebot3_ws/install/dynamixel_sdk_custom_interfaces:/home/user/turtlebot3_ws/install/dynamixel_sdk:/home/user/ros2_ws/install/turtlesim LD_LIBRARY_PATH=/home/user/turtlebot3_ws/install/turtlebot3_msgs/lib:/home/user/turtlebot3_ws/install/dynamixel_sdk_custom_interfaces/lib:/home/user/turtlebot3_ws/install/dynamixel_sdk/lib:/home/user/ros2_ws/install/turtlesim/lib:/usr/lib/x86_64-linux-gnu/gazebo-11/plugins:/opt/ros/humble/opt/rviz_ogre_vendor/lib:/opt/ros/humble/lib/x86_64-linux-gnu:/opt/ros/humble/lib:/usr/lib/x86_64-linux-gnu/gazebo-11/plugins:/usr/lib/x86_64-linux-gnu/gazebo-11/plugins:/usr/lib/x86_64-linux-gnu/gazebo-11/plugins PYTHONPATH=/home/user/turtlebot3_ws/build/turtlebot3_example/prefix_override:/usr/lib/python3/dist-packages/colcon_core/task/python/colcon_distutils_commands:/home/user/turtlebot3_ws/install/turtlebot3_example/lib/python3.10/site-packages:${PYTHONPATH} /usr/bin/python3 -W ignore:setup.py install is deprecated setup.py egg_info --egg-base ../../../build/turtlebot3_example build --build-base /home/user/turtlebot3_ws/build/turtlebot3_example/build install --record /home/user/turtlebot3_ws/build/turtlebot3_example/install.log --single-version-externally-managed install_data --force
[1.902s] running egg_info
[1.903s] writing ../../../build/turtlebot3_example/turtlebot3_example.egg-info/PKG-INFO
[1.904s] writing dependency_links to ../../../build/turtlebot3_example/turtlebot3_example.egg-info/dependency_links.txt
[1.904s] writing entry points to ../../../build/turtlebot3_example/turtlebot3_example.egg-info/entry_points.txt
[1.905s] writing requirements to ../../../build/turtlebot3_example/turtlebot3_example.egg-info/requires.txt
[1.905s] writing top-level names to ../../../build/turtlebot3_example/turtlebot3_example.egg-info/top_level.txt
[1.907s] reading manifest file '../../../build/turtlebot3_example/turtlebot3_example.egg-info/SOURCES.txt'
[1.908s] writing manifest file '../../../build/turtlebot3_example/turtlebot3_example.egg-info/SOURCES.txt'
[1.909s] running build
[1.909s] running build_py
[1.909s] creating /home/user/turtlebot3_ws/build/turtlebot3_example/build
[1.909s] creating /home/user/turtlebot3_ws/build/turtlebot3_example/build/lib
[1.909s] creating /home/user/turtlebot3_ws/build/turtlebot3_example/build/lib/turtlebot3_example
[1.909s] copying turtlebot3_example/__init__.py -> /home/user/turtlebot3_ws/build/turtlebot3_example/build/lib/turtlebot3_example
[1.909s] creating /home/user/turtlebot3_ws/build/turtlebot3_example/build/lib/turtlebot3_example/turtlebot3_patrol_server
[1.910s] copying turtlebot3_example/turtlebot3_patrol_server/main.py -> /home/user/turtlebot3_ws/build/turtlebot3_example/build/lib/turtlebot3_example/turtlebot3_patrol_server
[1.910s] copying turtlebot3_example/turtlebot3_patrol_server/turtlebot3_path.py -> /home/user/turtlebot3_ws/build/turtlebot3_example/build/lib/turtlebot3_example/turtlebot3_patrol_server
[1.910s] copying turtlebot3_example/turtlebot3_patrol_server/__init__.py -> /home/user/turtlebot3_ws/build/turtlebot3_example/build/lib/turtlebot3_example/turtlebot3_patrol_server
[1.910s] copying turtlebot3_example/turtlebot3_patrol_server/turtlebot3_patrol_server.py -> /home/user/turtlebot3_ws/build/turtlebot3_example/build/lib/turtlebot3_example/turtlebot3_patrol_server
[1.910s] creating /home/user/turtlebot3_ws/build/turtlebot3_example/build/lib/turtlebot3_example/turtlebot3_patrol_client
[1.910s] copying turtlebot3_example/turtlebot3_patrol_client/main.py -> /home/user/turtlebot3_ws/build/turtlebot3_example/build/lib/turtlebot3_example/turtlebot3_patrol_client
[1.910s] copying turtlebot3_example/turtlebot3_patrol_client/turtlebot3_patrol_client.py -> /home/user/turtlebot3_ws/build/turtlebot3_example/build/lib/turtlebot3_example/turtlebot3_patrol_client
[1.910s] copying turtlebot3_example/turtlebot3_patrol_client/__init__.py -> /home/user/turtlebot3_ws/build/turtlebot3_example/build/lib/turtlebot3_example/turtlebot3_patrol_client
[1.910s] creating /home/user/turtlebot3_ws/build/turtlebot3_example/build/lib/turtlebot3_example/turtlebot3_obstacle_detection
[1.910s] copying turtlebot3_example/turtlebot3_obstacle_detection/main.py -> /home/user/turtlebot3_ws/build/turtlebot3_example/build/lib/turtlebot3_example/turtlebot3_obstacle_detection
[1.910s] copying turtlebot3_example/turtlebot3_obstacle_detection/turtlebot3_obstacle_detection.py -> /home/user/turtlebot3_ws/build/turtlebot3_example/build/lib/turtlebot3_example/turtlebot3_obstacle_detection
[1.910s] copying turtlebot3_example/turtlebot3_obstacle_detection/__init__.py -> /home/user/turtlebot3_ws/build/turtlebot3_example/build/lib/turtlebot3_example/turtlebot3_obstacle_detection
[1.910s] creating /home/user/turtlebot3_ws/build/turtlebot3_example/build/lib/turtlebot3_example/turtlebot3_position_control
[1.910s] copying turtlebot3_example/turtlebot3_position_control/main.py -> /home/user/turtlebot3_ws/build/turtlebot3_example/build/lib/turtlebot3_example/turtlebot3_position_control
[1.910s] copying turtlebot3_example/turtlebot3_position_control/turtlebot3_path.py -> /home/user/turtlebot3_ws/build/turtlebot3_example/build/lib/turtlebot3_example/turtlebot3_position_control
[1.911s] copying turtlebot3_example/turtlebot3_position_control/turtlebot3_position_control.py -> /home/user/turtlebot3_ws/build/turtlebot3_example/build/lib/turtlebot3_example/turtlebot3_position_control
[1.911s] copying turtlebot3_example/turtlebot3_position_control/__init__.py -> /home/user/turtlebot3_ws/build/turtlebot3_example/build/lib/turtlebot3_example/turtlebot3_position_control
[1.911s] running install
[1.911s] running install_lib
[1.912s] creating /home/user/turtlebot3_ws/install/turtlebot3_example/lib/python3.10/site-packages/turtlebot3_example
[1.912s] creating /home/user/turtlebot3_ws/install/turtlebot3_example/lib/python3.10/site-packages/turtlebot3_example/turtlebot3_patrol_server
[1.912s] copying /home/user/turtlebot3_ws/build/turtlebot3_example/build/lib/turtlebot3_example/turtlebot3_patrol_server/main.py -> /home/user/turtlebot3_ws/install/turtlebot3_example/lib/python3.10/site-packages/turtlebot3_example/turtlebot3_patrol_server
[1.913s] copying /home/user/turtlebot3_ws/build/turtlebot3_example/build/lib/turtlebot3_example/turtlebot3_patrol_server/turtlebot3_path.py -> /home/user/turtlebot3_ws/install/turtlebot3_example/lib/python3.10/site-packages/turtlebot3_example/turtlebot3_patrol_server
[1.913s] copying /home/user/turtlebot3_ws/build/turtlebot3_example/build/lib/turtlebot3_example/turtlebot3_patrol_server/__init__.py -> /home/user/turtlebot3_ws/install/turtlebot3_example/lib/python3.10/site-packages/turtlebot3_example/turtlebot3_patrol_server
[1.913s] copying /home/user/turtlebot3_ws/build/turtlebot3_example/build/lib/turtlebot3_example/turtlebot3_patrol_server/turtlebot3_patrol_server.py -> /home/user/turtlebot3_ws/install/turtlebot3_example/lib/python3.10/site-packages/turtlebot3_example/turtlebot3_patrol_server
[1.913s] creating /home/user/turtlebot3_ws/install/turtlebot3_example/lib/python3.10/site-packages/turtlebot3_example/turtlebot3_patrol_client
[1.913s] copying /home/user/turtlebot3_ws/build/turtlebot3_example/build/lib/turtlebot3_example/turtlebot3_patrol_client/main.py -> /home/user/turtlebot3_ws/install/turtlebot3_example/lib/python3.10/site-packages/turtlebot3_example/turtlebot3_patrol_client
[1.913s] copying /home/user/turtlebot3_ws/build/turtlebot3_example/build/lib/turtlebot3_example/turtlebot3_patrol_client/turtlebot3_patrol_client.py -> /home/user/turtlebot3_ws/install/turtlebot3_example/lib/python3.10/site-packages/turtlebot3_example/turtlebot3_patrol_client
[1.913s] copying /home/user/turtlebot3_ws/build/turtlebot3_example/build/lib/turtlebot3_example/turtlebot3_patrol_client/__init__.py -> /home/user/turtlebot3_ws/install/turtlebot3_example/lib/python3.10/site-packages/turtlebot3_example/turtlebot3_patrol_client
[1.913s] creating /home/user/turtlebot3_ws/install/turtlebot3_example/lib/python3.10/site-packages/turtlebot3_example/turtlebot3_obstacle_detection
[1.913s] copying /home/user/turtlebot3_ws/build/turtlebot3_example/build/lib/turtlebot3_example/turtlebot3_obstacle_detection/main.py -> /home/user/turtlebot3_ws/install/turtlebot3_example/lib/python3.10/site-packages/turtlebot3_example/turtlebot3_obstacle_detection
[1.913s] copying /home/user/turtlebot3_ws/build/turtlebot3_example/build/lib/turtlebot3_example/turtlebot3_obstacle_detection/turtlebot3_obstacle_detection.py -> /home/user/turtlebot3_ws/install/turtlebot3_example/lib/python3.10/site-packages/turtlebot3_example/turtlebot3_obstacle_detection
[1.913s] copying /home/user/turtlebot3_ws/build/turtlebot3_example/build/lib/turtlebot3_example/turtlebot3_obstacle_detection/__init__.py -> /home/user/turtlebot3_ws/install/turtlebot3_example/lib/python3.10/site-packages/turtlebot3_example/turtlebot3_obstacle_detection
[1.914s] copying /home/user/turtlebot3_ws/build/turtlebot3_example/build/lib/turtlebot3_example/__init__.py -> /home/user/turtlebot3_ws/install/turtlebot3_example/lib/python3.10/site-packages/turtlebot3_example
[1.914s] creating /home/user/turtlebot3_ws/install/turtlebot3_example/lib/python3.10/site-packages/turtlebot3_example/turtlebot3_position_control
[1.914s] copying /home/user/turtlebot3_ws/build/turtlebot3_example/build/lib/turtlebot3_example/turtlebot3_position_control/main.py -> /home/user/turtlebot3_ws/install/turtlebot3_example/lib/python3.10/site-packages/turtlebot3_example/turtlebot3_position_control
[1.914s] copying /home/user/turtlebot3_ws/build/turtlebot3_example/build/lib/turtlebot3_example/turtlebot3_position_control/turtlebot3_path.py -> /home/user/turtlebot3_ws/install/turtlebot3_example/lib/python3.10/site-packages/turtlebot3_example/turtlebot3_position_control
[1.914s] copying /home/user/turtlebot3_ws/build/turtlebot3_example/build/lib/turtlebot3_example/turtlebot3_position_control/turtlebot3_position_control.py -> /home/user/turtlebot3_ws/install/turtlebot3_example/lib/python3.10/site-packages/turtlebot3_example/turtlebot3_position_control
[1.914s] copying /home/user/turtlebot3_ws/build/turtlebot3_example/build/lib/turtlebot3_example/turtlebot3_position_control/__init__.py -> /home/user/turtlebot3_ws/install/turtlebot3_example/lib/python3.10/site-packages/turtlebot3_example/turtlebot3_position_control
[1.914s] byte-compiling /home/user/turtlebot3_ws/install/turtlebot3_example/lib/python3.10/site-packages/turtlebot3_example/turtlebot3_patrol_server/main.py to main.cpython-310.pyc
[1.915s] byte-compiling /home/user/turtlebot3_ws/install/turtlebot3_example/lib/python3.10/site-packages/turtlebot3_example/turtlebot3_patrol_server/turtlebot3_path.py to turtlebot3_path.cpython-310.pyc
[1.915s] byte-compiling /home/user/turtlebot3_ws/install/turtlebot3_example/lib/python3.10/site-packages/turtlebot3_example/turtlebot3_patrol_server/__init__.py to __init__.cpython-310.pyc
[1.915s] byte-compiling /home/user/turtlebot3_ws/install/turtlebot3_example/lib/python3.10/site-packages/turtlebot3_example/turtlebot3_patrol_server/turtlebot3_patrol_server.py to turtlebot3_patrol_server.cpython-310.pyc
[1.916s] byte-compiling /home/user/turtlebot3_ws/install/turtlebot3_example/lib/python3.10/site-packages/turtlebot3_example/turtlebot3_patrol_client/main.py to main.cpython-310.pyc
[1.917s] byte-compiling /home/user/turtlebot3_ws/install/turtlebot3_example/lib/python3.10/site-packages/turtlebot3_example/turtlebot3_patrol_client/turtlebot3_patrol_client.py to turtlebot3_patrol_client.cpython-310.pyc
[1.917s] byte-compiling /home/user/turtlebot3_ws/install/turtlebot3_example/lib/python3.10/site-packages/turtlebot3_example/turtlebot3_patrol_client/__init__.py to __init__.cpython-310.pyc
[1.917s] byte-compiling /home/user/turtlebot3_ws/install/turtlebot3_example/lib/python3.10/site-packages/turtlebot3_example/turtlebot3_obstacle_detection/main.py to main.cpython-310.pyc
[1.918s] byte-compiling /home/user/turtlebot3_ws/install/turtlebot3_example/lib/python3.10/site-packages/turtlebot3_example/turtlebot3_obstacle_detection/turtlebot3_obstacle_detection.py to turtlebot3_obstacle_detection.cpython-310.pyc
[1.918s] byte-compiling /home/user/turtlebot3_ws/install/turtlebot3_example/lib/python3.10/site-packages/turtlebot3_example/turtlebot3_obstacle_detection/__init__.py to __init__.cpython-310.pyc
[1.919s] byte-compiling /home/user/turtlebot3_ws/install/turtlebot3_example/lib/python3.10/site-packages/turtlebot3_example/__init__.py to __init__.cpython-310.pyc
[1.919s] byte-compiling /home/user/turtlebot3_ws/install/turtlebot3_example/lib/python3.10/site-packages/turtlebot3_example/turtlebot3_position_control/main.py to main.cpython-310.pyc
[1.919s] byte-compiling /home/user/turtlebot3_ws/install/turtlebot3_example/lib/python3.10/site-packages/turtlebot3_example/turtlebot3_position_control/turtlebot3_path.py to turtlebot3_path.cpython-310.pyc
[1.920s] byte-compiling /home/user/turtlebot3_ws/install/turtlebot3_example/lib/python3.10/site-packages/turtlebot3_example/turtlebot3_position_control/turtlebot3_position_control.py to turtlebot3_position_control.cpython-310.pyc
[1.921s] byte-compiling /home/user/turtlebot3_ws/install/turtlebot3_example/lib/python3.10/site-packages/turtlebot3_example/turtlebot3_position_control/__init__.py to __init__.cpython-310.pyc
[1.921s] running install_data
[1.921s] copying resource/turtlebot3_example -> /home/user/turtlebot3_ws/install/turtlebot3_example/share/ament_index/resource_index/packages
[1.921s] copying package.xml -> /home/user/turtlebot3_ws/install/turtlebot3_example/share/turtlebot3_example
[1.922s] running install_egg_info
[1.925s] Copying ../../../build/turtlebot3_example/turtlebot3_example.egg-info to /home/user/turtlebot3_ws/install/turtlebot3_example/lib/python3.10/site-packages/turtlebot3_example-2.1.5-py3.10.egg-info
[1.926s] running install_scripts
[1.954s] Installing turtlebot3_obstacle_detection script to /home/user/turtlebot3_ws/install/turtlebot3_example/lib/turtlebot3_example
[1.954s] Installing turtlebot3_patrol_client script to /home/user/turtlebot3_ws/install/turtlebot3_example/lib/turtlebot3_example
[1.954s] Installing turtlebot3_patrol_server script to /home/user/turtlebot3_ws/install/turtlebot3_example/lib/turtlebot3_example
[1.954s] Installing turtlebot3_position_control script to /home/user/turtlebot3_ws/install/turtlebot3_example/lib/turtlebot3_example
[1.954s] writing list of installed files to '/home/user/turtlebot3_ws/build/turtlebot3_example/install.log'
[1.986s] Invoked command in '/home/user/turtlebot3_ws/src/turtlebot3/turtlebot3_example' returned '0': CMAKE_PREFIX_PATH=/home/user/turtlebot3_ws/install/turtlebot3_msgs:/home/user/turtlebot3_ws/install/turtlebot3:/home/user/turtlebot3_ws/install/turtlebot3_simulations:/home/user/turtlebot3_ws/install/turtlebot3_bringup:/home/user/turtlebot3_ws/install/turtlebot3_node:/home/user/turtlebot3_ws/install/turtlebot3_navigation2:/home/user/turtlebot3_ws/install/turtlebot3_fake_node:/home/user/turtlebot3_ws/install/turtlebot3_gazebo:/home/user/turtlebot3_ws/install/turtlebot3_description:/home/user/turtlebot3_ws/install/turtlebot3_cartographer:/home/user/turtlebot3_ws/install/dynamixel_sdk_examples:/home/user/turtlebot3_ws/install/dynamixel_sdk_custom_interfaces:/home/user/turtlebot3_ws/install/dynamixel_sdk:/home/user/ros2_ws/install/turtlesim LD_LIBRARY_PATH=/home/user/turtlebot3_ws/install/turtlebot3_msgs/lib:/home/user/turtlebot3_ws/install/dynamixel_sdk_custom_interfaces/lib:/home/user/turtlebot3_ws/install/dynamixel_sdk/lib:/home/user/ros2_ws/install/turtlesim/lib:/usr/lib/x86_64-linux-gnu/gazebo-11/plugins:/opt/ros/humble/opt/rviz_ogre_vendor/lib:/opt/ros/humble/lib/x86_64-linux-gnu:/opt/ros/humble/lib:/usr/lib/x86_64-linux-gnu/gazebo-11/plugins:/usr/lib/x86_64-linux-gnu/gazebo-11/plugins:/usr/lib/x86_64-linux-gnu/gazebo-11/plugins PYTHONPATH=/home/user/turtlebot3_ws/build/turtlebot3_example/prefix_override:/usr/lib/python3/dist-packages/colcon_core/task/python/colcon_distutils_commands:/home/user/turtlebot3_ws/install/turtlebot3_example/lib/python3.10/site-packages:${PYTHONPATH} /usr/bin/python3 -W ignore:setup.py install is deprecated setup.py egg_info --egg-base ../../../build/turtlebot3_example build --build-base /home/user/turtlebot3_ws/build/turtlebot3_example/build install --record /home/user/turtlebot3_ws/build/turtlebot3_example/install.log --single-version-externally-managed install_data --force
